2023-07-26 06:46:01,111 INFO [main] o.a.n.b.NotificationServiceManager Successfully loaded the following 0 services: []
2023-07-26 06:46:01,114 INFO [main] org.apache.nifi.bootstrap.RunNiFi Registered no Notification Services for Notification Type NIFI_STARTED
2023-07-26 06:46:01,115 INFO [main] org.apache.nifi.bootstrap.RunNiFi Registered no Notification Services for Notification Type NIFI_STOPPED
2023-07-26 06:46:01,115 INFO [main] org.apache.nifi.bootstrap.RunNiFi Registered no Notification Services for Notification Type NIFI_DIED
2023-07-26 06:46:01,117 INFO [main] org.apache.nifi.bootstrap.RunNiFi Runtime Java version: 11.0.19
2023-07-26 06:46:01,122 INFO [main] org.apache.nifi.bootstrap.Command Generating Self-Signed Certificate: Expires on 2023-09-24
2023-07-26 06:46:01,647 INFO [main] org.apache.nifi.bootstrap.Command Generated Self-Signed Certificate SHA-256: 9987B16142D67263390CB48B633D24E5C03C2025E4F646C83651C4656BF408AE
2023-07-26 06:46:01,654 INFO [main] org.apache.nifi.bootstrap.Command Starting Apache NiFi...
2023-07-26 06:46:01,655 INFO [main] org.apache.nifi.bootstrap.Command Working Directory: /opt/nifi/nifi-current
2023-07-26 06:46:01,655 INFO [main] org.apache.nifi.bootstrap.Command Command: /opt/java/openjdk/bin/java -classpath /opt/nifi/nifi-current/./conf:/opt/nifi/nifi-current/./lib/nifi-stateless-bootstrap-1.22.0.jar:/opt/nifi/nifi-current/./lib/javax.servlet-api-3.1.0.jar:/opt/nifi/nifi-current/./lib/nifi-framework-api-1.22.0.jar:/opt/nifi/nifi-current/./lib/log4j-over-slf4j-2.0.7.jar:/opt/nifi/nifi-current/./lib/logback-classic-1.3.6.jar:/opt/nifi/nifi-current/./lib/nifi-nar-utils-1.22.0.jar:/opt/nifi/nifi-current/./lib/nifi-server-api-1.22.0.jar:/opt/nifi/nifi-current/./lib/nifi-runtime-1.22.0.jar:/opt/nifi/nifi-current/./lib/jetty-schemas-5.2.jar:/opt/nifi/nifi-current/./lib/jcl-over-slf4j-2.0.7.jar:/opt/nifi/nifi-current/./lib/nifi-api-1.22.0.jar:/opt/nifi/nifi-current/./lib/nifi-stateless-api-1.22.0.jar:/opt/nifi/nifi-current/./lib/jul-to-slf4j-2.0.7.jar:/opt/nifi/nifi-current/./lib/slf4j-api-2.0.7.jar:/opt/nifi/nifi-current/./lib/nifi-property-utils-1.22.0.jar:/opt/nifi/nifi-current/./lib/logback-core-1.3.6.jar:/opt/nifi/nifi-current/./lib/nifi-properties-1.22.0.jar:/opt/nifi/nifi-current/./lib/java11/jakarta.activation-api-1.2.2.jar:/opt/nifi/nifi-current/./lib/java11/jakarta.xml.bind-api-2.3.3.jar:/opt/nifi/nifi-current/./lib/java11/jakarta.activation-1.2.2.jar:/opt/nifi/nifi-current/./lib/java11/txw2-2.3.5.jar:/opt/nifi/nifi-current/./lib/java11/jaxb-runtime-2.3.5.jar:/opt/nifi/nifi-current/./lib/java11/javax.annotation-api-1.3.2.jar:/opt/nifi/nifi-current/./lib/java11/istack-commons-runtime-3.0.12.jar -Dorg.apache.jasper.compiler.disablejsr199=true -Xmx1g -Xms1g -Dcurator-log-only-first-connection-issue-as-error-level=true -Djavax.security.auth.useSubjectCredsOnly=true -Djava.security.egd=file:/dev/urandom -Dzookeeper.admin.enableServer=false -Dsun.net.http.allowRestrictedHeaders=true -Djava.net.preferIPv4Stack=true -Djava.awt.headless=true -Djava.protocol.handler.pkgs=sun.net.www.protocol -Dnifi.properties.file.path=/opt/nifi/nifi-current/./conf/nifi.properties -Dnifi.bootstrap.listen.port=37649 -Dapp=NiFi -Dorg.apache.nifi.bootstrap.config.log.dir=/opt/nifi/nifi-current/logs org.apache.nifi.NiFi 
2023-07-26 06:46:01,757 INFO [main] org.apache.nifi.bootstrap.Command Launched Apache NiFi with Process ID 112
2023-07-26 06:46:02,071 INFO [NiFi Bootstrap Command Listener] org.apache.nifi.bootstrap.RunNiFi Apache NiFi now running and listening for Bootstrap requests on port 37507
2023-07-26 06:46:15,739 ERROR [NiFi logging handler] org.apache.nifi.StdErr Warning: Nashorn engine is planned to be removed from a future JDK release
2023-07-26 06:46:16,119 ERROR [NiFi logging handler] org.apache.nifi.StdErr Warning: Nashorn engine is planned to be removed from a future JDK release
2023-07-26 06:46:16,160 ERROR [NiFi logging handler] org.apache.nifi.StdErr Warning: Nashorn engine is planned to be removed from a future JDK release
2023-07-26 06:46:16,227 ERROR [NiFi logging handler] org.apache.nifi.StdErr Warning: Nashorn engine is planned to be removed from a future JDK release
2023-07-26 06:46:16,234 ERROR [NiFi logging handler] org.apache.nifi.StdErr Warning: Nashorn engine is planned to be removed from a future JDK release
2023-07-26 06:46:16,256 ERROR [NiFi logging handler] org.apache.nifi.StdErr Warning: Nashorn engine is planned to be removed from a future JDK release
2023-07-26 06:46:16,262 ERROR [NiFi logging handler] org.apache.nifi.StdErr Warning: Nashorn engine is planned to be removed from a future JDK release
2023-07-26 06:46:16,273 ERROR [NiFi logging handler] org.apache.nifi.StdErr Warning: Nashorn engine is planned to be removed from a future JDK release
2023-07-26 06:46:16,464 ERROR [NiFi logging handler] org.apache.nifi.StdErr Warning: Nashorn engine is planned to be removed from a future JDK release
2023-07-26 06:46:38,055 ERROR [NiFi logging handler] org.apache.nifi.StdErr WARNING: An illegal reflective access operation has occurred
2023-07-26 06:46:38,055 ERROR [NiFi logging handler] org.apache.nifi.StdErr WARNING: Illegal reflective access by org.springframework.cglib.core.ReflectUtils (file:/opt/nifi/nifi-current/./work/nar/framework/nifi-framework-nar-1.22.0.nar-unpacked/NAR-INF/bundled-dependencies/spring-core-5.3.27.jar) to method java.lang.ClassLoader.defineClass(java.lang.String,byte[],int,int,java.security.ProtectionDomain)
2023-07-26 06:46:38,055 ERROR [NiFi logging handler] org.apache.nifi.StdErr WARNING: Please consider reporting this to the maintainers of org.springframework.cglib.core.ReflectUtils
2023-07-26 06:46:38,055 ERROR [NiFi logging handler] org.apache.nifi.StdErr WARNING: Use --illegal-access=warn to enable warnings of further illegal reflective access operations
2023-07-26 06:46:38,055 ERROR [NiFi logging handler] org.apache.nifi.StdErr WARNING: All illegal access operations will be denied in a future release
2023-07-26 06:46:47,078 INFO [main] o.a.n.b.NotificationServiceManager Successfully loaded the following 0 services: []
2023-07-26 06:46:47,080 INFO [main] org.apache.nifi.bootstrap.RunNiFi Registered no Notification Services for Notification Type NIFI_STARTED
2023-07-26 06:46:47,080 INFO [main] org.apache.nifi.bootstrap.RunNiFi Registered no Notification Services for Notification Type NIFI_STOPPED
2023-07-26 06:46:47,080 INFO [main] org.apache.nifi.bootstrap.RunNiFi Registered no Notification Services for Notification Type NIFI_DIED
2023-07-26 06:46:47,089 INFO [main] org.apache.nifi.bootstrap.Command Apache NiFi has accepted the Shutdown Command and is shutting down now
2023-07-26 06:46:47,190 INFO [main] org.apache.nifi.bootstrap.Command NiFi PID [112] shutdown in progress...
2023-07-26 06:46:48,769 INFO [main] org.apache.nifi.bootstrap.RunNiFi A shutdown was initiated. Will not restart NiFi
2023-07-26 06:46:49,192 INFO [main] org.apache.nifi.bootstrap.Command NiFi PID [112] shutdown completed
2023-07-26 06:47:09,608 INFO [main] o.a.n.b.NotificationServiceManager Successfully loaded the following 0 services: []
2023-07-26 06:47:09,609 INFO [main] org.apache.nifi.bootstrap.RunNiFi Registered no Notification Services for Notification Type NIFI_STARTED
2023-07-26 06:47:09,609 INFO [main] org.apache.nifi.bootstrap.RunNiFi Registered no Notification Services for Notification Type NIFI_STOPPED
2023-07-26 06:47:09,609 INFO [main] org.apache.nifi.bootstrap.RunNiFi Registered no Notification Services for Notification Type NIFI_DIED
2023-07-26 06:47:09,611 INFO [main] org.apache.nifi.bootstrap.RunNiFi Runtime Java version: 11.0.19
2023-07-26 06:47:09,617 INFO [main] org.apache.nifi.bootstrap.Command Generating Self-Signed Certificate: Expires on 2023-09-24
2023-07-26 06:47:10,377 INFO [main] org.apache.nifi.bootstrap.Command Generated Self-Signed Certificate SHA-256: A5D611C8FB28B6AC9A9EC2DB9599A7BA65464C812ED8E2139FF071EE2318C400
2023-07-26 06:47:10,383 INFO [main] org.apache.nifi.bootstrap.Command Starting Apache NiFi...
2023-07-26 06:47:10,384 INFO [main] org.apache.nifi.bootstrap.Command Working Directory: /opt/nifi/nifi-current
2023-07-26 06:47:10,384 INFO [main] org.apache.nifi.bootstrap.Command Command: /opt/java/openjdk/bin/java -classpath /opt/nifi/nifi-current/./conf:/opt/nifi/nifi-current/./lib/nifi-stateless-bootstrap-1.22.0.jar:/opt/nifi/nifi-current/./lib/javax.servlet-api-3.1.0.jar:/opt/nifi/nifi-current/./lib/nifi-framework-api-1.22.0.jar:/opt/nifi/nifi-current/./lib/log4j-over-slf4j-2.0.7.jar:/opt/nifi/nifi-current/./lib/logback-classic-1.3.6.jar:/opt/nifi/nifi-current/./lib/nifi-nar-utils-1.22.0.jar:/opt/nifi/nifi-current/./lib/nifi-server-api-1.22.0.jar:/opt/nifi/nifi-current/./lib/nifi-runtime-1.22.0.jar:/opt/nifi/nifi-current/./lib/jetty-schemas-5.2.jar:/opt/nifi/nifi-current/./lib/jcl-over-slf4j-2.0.7.jar:/opt/nifi/nifi-current/./lib/nifi-api-1.22.0.jar:/opt/nifi/nifi-current/./lib/nifi-stateless-api-1.22.0.jar:/opt/nifi/nifi-current/./lib/jul-to-slf4j-2.0.7.jar:/opt/nifi/nifi-current/./lib/slf4j-api-2.0.7.jar:/opt/nifi/nifi-current/./lib/nifi-property-utils-1.22.0.jar:/opt/nifi/nifi-current/./lib/logback-core-1.3.6.jar:/opt/nifi/nifi-current/./lib/nifi-properties-1.22.0.jar:/opt/nifi/nifi-current/./lib/java11/jakarta.activation-api-1.2.2.jar:/opt/nifi/nifi-current/./lib/java11/jakarta.xml.bind-api-2.3.3.jar:/opt/nifi/nifi-current/./lib/java11/jakarta.activation-1.2.2.jar:/opt/nifi/nifi-current/./lib/java11/txw2-2.3.5.jar:/opt/nifi/nifi-current/./lib/java11/jaxb-runtime-2.3.5.jar:/opt/nifi/nifi-current/./lib/java11/javax.annotation-api-1.3.2.jar:/opt/nifi/nifi-current/./lib/java11/istack-commons-runtime-3.0.12.jar -Dorg.apache.jasper.compiler.disablejsr199=true -Xmx1g -Xms1g -Dcurator-log-only-first-connection-issue-as-error-level=true -Djavax.security.auth.useSubjectCredsOnly=true -Djava.security.egd=file:/dev/urandom -Dzookeeper.admin.enableServer=false -Dsun.net.http.allowRestrictedHeaders=true -Djava.net.preferIPv4Stack=true -Djava.awt.headless=true -Djava.protocol.handler.pkgs=sun.net.www.protocol -Dnifi.properties.file.path=/opt/nifi/nifi-current/./conf/nifi.properties -Dnifi.bootstrap.listen.port=36147 -Dapp=NiFi -Dorg.apache.nifi.bootstrap.config.log.dir=/opt/nifi/nifi-current/logs org.apache.nifi.NiFi 
2023-07-26 06:47:10,446 INFO [main] org.apache.nifi.bootstrap.Command Launched Apache NiFi with Process ID 111
2023-07-26 06:47:10,779 INFO [NiFi Bootstrap Command Listener] org.apache.nifi.bootstrap.RunNiFi Apache NiFi now running and listening for Bootstrap requests on port 44445
2023-07-26 06:47:22,728 ERROR [NiFi logging handler] org.apache.nifi.StdErr Warning: Nashorn engine is planned to be removed from a future JDK release
2023-07-26 06:47:23,435 ERROR [NiFi logging handler] org.apache.nifi.StdErr Warning: Nashorn engine is planned to be removed from a future JDK release
2023-07-26 06:47:23,499 ERROR [NiFi logging handler] org.apache.nifi.StdErr Warning: Nashorn engine is planned to be removed from a future JDK release
2023-07-26 06:47:23,554 ERROR [NiFi logging handler] org.apache.nifi.StdErr Warning: Nashorn engine is planned to be removed from a future JDK release
2023-07-26 06:47:23,575 ERROR [NiFi logging handler] org.apache.nifi.StdErr Warning: Nashorn engine is planned to be removed from a future JDK release
2023-07-26 06:47:23,589 ERROR [NiFi logging handler] org.apache.nifi.StdErr Warning: Nashorn engine is planned to be removed from a future JDK release
2023-07-26 06:47:23,595 ERROR [NiFi logging handler] org.apache.nifi.StdErr Warning: Nashorn engine is planned to be removed from a future JDK release
2023-07-26 06:47:23,626 ERROR [NiFi logging handler] org.apache.nifi.StdErr Warning: Nashorn engine is planned to be removed from a future JDK release
2023-07-26 06:47:23,829 ERROR [NiFi logging handler] org.apache.nifi.StdErr Warning: Nashorn engine is planned to be removed from a future JDK release
2023-07-26 09:28:52,203 ERROR [NiFi logging handler] org.apache.nifi.StdErr WARNING: An illegal reflective access operation has occurred
2023-07-26 09:28:52,204 ERROR [NiFi logging handler] org.apache.nifi.StdErr WARNING: Illegal reflective access by org.springframework.cglib.core.ReflectUtils (file:/opt/nifi/nifi-current/./work/nar/framework/nifi-framework-nar-1.22.0.nar-unpacked/NAR-INF/bundled-dependencies/spring-core-5.3.27.jar) to method java.lang.ClassLoader.defineClass(java.lang.String,byte[],int,int,java.security.ProtectionDomain)
2023-07-26 09:28:52,204 ERROR [NiFi logging handler] org.apache.nifi.StdErr WARNING: Please consider reporting this to the maintainers of org.springframework.cglib.core.ReflectUtils
2023-07-26 09:28:52,204 ERROR [NiFi logging handler] org.apache.nifi.StdErr WARNING: Use --illegal-access=warn to enable warnings of further illegal reflective access operations
2023-07-26 09:28:52,204 ERROR [NiFi logging handler] org.apache.nifi.StdErr WARNING: All illegal access operations will be denied in a future release
2023-07-26 09:29:05,913 INFO [main] o.a.n.b.NotificationServiceManager Successfully loaded the following 0 services: []
2023-07-26 09:29:05,914 INFO [main] org.apache.nifi.bootstrap.RunNiFi Registered no Notification Services for Notification Type NIFI_STARTED
2023-07-26 09:29:05,915 INFO [main] org.apache.nifi.bootstrap.RunNiFi Registered no Notification Services for Notification Type NIFI_STOPPED
2023-07-26 09:29:05,915 INFO [main] org.apache.nifi.bootstrap.RunNiFi Registered no Notification Services for Notification Type NIFI_DIED
2023-07-26 09:29:05,924 INFO [main] org.apache.nifi.bootstrap.Command Apache NiFi has accepted the Shutdown Command and is shutting down now
2023-07-26 09:29:06,002 INFO [main] org.apache.nifi.bootstrap.Command NiFi PID [111] shutdown in progress...
2023-07-26 09:29:08,003 INFO [main] org.apache.nifi.bootstrap.Command NiFi PID [111] shutdown in progress...
2023-07-26 09:29:08,370 INFO [main] org.apache.nifi.bootstrap.RunNiFi A shutdown was initiated. Will not restart NiFi
2023-07-26 09:29:10,006 INFO [main] org.apache.nifi.bootstrap.Command NiFi PID [111] shutdown completed
