2023-07-25 12:00:08,743 INFO [pool-7-thread-1] o.a.n.c.r.WriteAheadFlowFileRepository Initiating checkpoint of FlowFile Repository
2023-07-25 12:00:08,829 INFO [pool-7-thread-1] o.a.n.wali.SequentialAccessWriteAheadLog Checkpointed Write-Ahead Log with 5683 Records and 0 Swap Files in 78 milliseconds (Stop-the-world time = 13 milliseconds), max Transaction ID 6896
2023-07-25 12:00:08,829 INFO [pool-7-thread-1] o.a.n.c.r.WriteAheadFlowFileRepository Successfully checkpointed FlowFile Repository with 5683 records in 79 milliseconds
2023-07-25 12:00:15,854 INFO [Cleanup Archive for default] o.a.n.c.repository.FileSystemRepository Successfully deleted 0 files (0 bytes) from archive
2023-07-25 12:00:15,857 INFO [Cleanup Archive for default] o.a.n.c.repository.FileSystemRepository Archive cleanup completed for container default; will now allow writing to this container. Bytes used = 207.37 GB, bytes free = 268.85 GB, capacity = 476.21 GB
2023-07-25 12:00:26,035 INFO [Write-Ahead Local State Provider Maintenance] org.wali.MinimalLockingWriteAheadLog org.wali.MinimalLockingWriteAheadLog@7c4dd006 checkpointed with 5 Records and 0 Swap Files in 270 milliseconds (Stop-the-world time = 92 milliseconds, Clear Edit Logs time = 155 millis), max Transaction ID 3043
2023-07-25 12:00:26,264 INFO [Timer-Driven Process Thread-3] o.a.n.p.store.WriteAheadStorePartition Successfully rolled over Event Writer for Provenance Event Store Partition[directory=./provenance_repository] due to MAX_TIME_REACHED. Event File was 21.98 KB and contained 20 events.
2023-07-25 12:00:28,830 INFO [pool-7-thread-1] o.a.n.c.r.WriteAheadFlowFileRepository Initiating checkpoint of FlowFile Repository
2023-07-25 12:00:28,920 INFO [pool-7-thread-1] o.a.n.wali.SequentialAccessWriteAheadLog Checkpointed Write-Ahead Log with 5684 Records and 0 Swap Files in 89 milliseconds (Stop-the-world time = 20 milliseconds), max Transaction ID 6897
2023-07-25 12:00:28,920 INFO [pool-7-thread-1] o.a.n.c.r.WriteAheadFlowFileRepository Successfully checkpointed FlowFile Repository with 5684 records in 89 milliseconds
2023-07-25 12:00:48,921 INFO [pool-7-thread-1] o.a.n.c.r.WriteAheadFlowFileRepository Initiating checkpoint of FlowFile Repository
2023-07-25 12:00:48,922 INFO [pool-7-thread-1] o.a.n.c.r.WriteAheadFlowFileRepository Successfully checkpointed FlowFile Repository with 5684 records in 0 milliseconds
2023-07-25 12:01:08,923 INFO [pool-7-thread-1] o.a.n.c.r.WriteAheadFlowFileRepository Initiating checkpoint of FlowFile Repository
2023-07-25 12:01:09,009 INFO [pool-7-thread-1] o.a.n.wali.SequentialAccessWriteAheadLog Checkpointed Write-Ahead Log with 5685 Records and 0 Swap Files in 84 milliseconds (Stop-the-world time = 21 milliseconds), max Transaction ID 6898
2023-07-25 12:01:09,009 INFO [pool-7-thread-1] o.a.n.c.r.WriteAheadFlowFileRepository Successfully checkpointed FlowFile Repository with 5685 records in 84 milliseconds
2023-07-25 12:01:16,717 INFO [Cleanup Archive for default] o.a.n.c.repository.FileSystemRepository Successfully deleted 0 files (0 bytes) from archive
2023-07-25 12:01:16,717 INFO [Cleanup Archive for default] o.a.n.c.repository.FileSystemRepository Archive cleanup completed for container default; will now allow writing to this container. Bytes used = 207.37 GB, bytes free = 268.85 GB, capacity = 476.21 GB
2023-07-25 12:01:29,010 INFO [pool-7-thread-1] o.a.n.c.r.WriteAheadFlowFileRepository Initiating checkpoint of FlowFile Repository
2023-07-25 12:01:29,095 INFO [pool-7-thread-1] o.a.n.wali.SequentialAccessWriteAheadLog Checkpointed Write-Ahead Log with 5686 Records and 0 Swap Files in 83 milliseconds (Stop-the-world time = 16 milliseconds), max Transaction ID 6899
2023-07-25 12:01:29,095 INFO [pool-7-thread-1] o.a.n.c.r.WriteAheadFlowFileRepository Successfully checkpointed FlowFile Repository with 5686 records in 83 milliseconds
2023-07-25 12:01:49,096 INFO [pool-7-thread-1] o.a.n.c.r.WriteAheadFlowFileRepository Initiating checkpoint of FlowFile Repository
2023-07-25 12:01:49,097 INFO [pool-7-thread-1] o.a.n.c.r.WriteAheadFlowFileRepository Successfully checkpointed FlowFile Repository with 5686 records in 0 milliseconds
2023-07-25 12:02:09,097 INFO [pool-7-thread-1] o.a.n.c.r.WriteAheadFlowFileRepository Initiating checkpoint of FlowFile Repository
2023-07-25 12:02:09,186 INFO [pool-7-thread-1] o.a.n.wali.SequentialAccessWriteAheadLog Checkpointed Write-Ahead Log with 5687 Records and 0 Swap Files in 87 milliseconds (Stop-the-world time = 22 milliseconds), max Transaction ID 6900
2023-07-25 12:02:09,187 INFO [pool-7-thread-1] o.a.n.c.r.WriteAheadFlowFileRepository Successfully checkpointed FlowFile Repository with 5687 records in 87 milliseconds
2023-07-25 12:02:17,682 INFO [Cleanup Archive for default] o.a.n.c.repository.FileSystemRepository Successfully deleted 0 files (0 bytes) from archive
2023-07-25 12:02:17,682 INFO [Cleanup Archive for default] o.a.n.c.repository.FileSystemRepository Archive cleanup completed for container default; will now allow writing to this container. Bytes used = 207.37 GB, bytes free = 268.84 GB, capacity = 476.21 GB
2023-07-25 12:02:26,326 INFO [Write-Ahead Local State Provider Maintenance] org.wali.MinimalLockingWriteAheadLog org.wali.MinimalLockingWriteAheadLog@7c4dd006 checkpointed with 5 Records and 0 Swap Files in 289 milliseconds (Stop-the-world time = 109 milliseconds, Clear Edit Logs time = 155 millis), max Transaction ID 3047
2023-07-25 12:02:29,187 INFO [pool-7-thread-1] o.a.n.c.r.WriteAheadFlowFileRepository Initiating checkpoint of FlowFile Repository
2023-07-25 12:02:29,273 INFO [pool-7-thread-1] o.a.n.wali.SequentialAccessWriteAheadLog Checkpointed Write-Ahead Log with 5688 Records and 0 Swap Files in 84 milliseconds (Stop-the-world time = 18 milliseconds), max Transaction ID 6901
2023-07-25 12:02:29,273 INFO [pool-7-thread-1] o.a.n.c.r.WriteAheadFlowFileRepository Successfully checkpointed FlowFile Repository with 5688 records in 85 milliseconds
2023-07-25 12:02:49,273 INFO [pool-7-thread-1] o.a.n.c.r.WriteAheadFlowFileRepository Initiating checkpoint of FlowFile Repository
2023-07-25 12:02:49,274 INFO [pool-7-thread-1] o.a.n.c.r.WriteAheadFlowFileRepository Successfully checkpointed FlowFile Repository with 5688 records in 0 milliseconds
2023-07-25 12:03:09,274 INFO [pool-7-thread-1] o.a.n.c.r.WriteAheadFlowFileRepository Initiating checkpoint of FlowFile Repository
2023-07-25 12:03:09,359 INFO [pool-7-thread-1] o.a.n.wali.SequentialAccessWriteAheadLog Checkpointed Write-Ahead Log with 5689 Records and 0 Swap Files in 83 milliseconds (Stop-the-world time = 20 milliseconds), max Transaction ID 6902
2023-07-25 12:03:09,359 INFO [pool-7-thread-1] o.a.n.c.r.WriteAheadFlowFileRepository Successfully checkpointed FlowFile Repository with 5689 records in 83 milliseconds
2023-07-25 12:03:18,586 INFO [Cleanup Archive for default] o.a.n.c.repository.FileSystemRepository Successfully deleted 0 files (0 bytes) from archive
2023-07-25 12:03:18,586 INFO [Cleanup Archive for default] o.a.n.c.repository.FileSystemRepository Archive cleanup completed for container default; will now allow writing to this container. Bytes used = 207.37 GB, bytes free = 268.84 GB, capacity = 476.21 GB
2023-07-25 12:03:29,360 INFO [pool-7-thread-1] o.a.n.c.r.WriteAheadFlowFileRepository Initiating checkpoint of FlowFile Repository
2023-07-25 12:03:29,445 INFO [pool-7-thread-1] o.a.n.wali.SequentialAccessWriteAheadLog Checkpointed Write-Ahead Log with 5690 Records and 0 Swap Files in 83 milliseconds (Stop-the-world time = 19 milliseconds), max Transaction ID 6903
2023-07-25 12:03:29,445 INFO [pool-7-thread-1] o.a.n.c.r.WriteAheadFlowFileRepository Successfully checkpointed FlowFile Repository with 5690 records in 84 milliseconds
2023-07-25 12:03:49,444 INFO [pool-7-thread-1] o.a.n.c.r.WriteAheadFlowFileRepository Initiating checkpoint of FlowFile Repository
2023-07-25 12:03:49,445 INFO [pool-7-thread-1] o.a.n.c.r.WriteAheadFlowFileRepository Successfully checkpointed FlowFile Repository with 5690 records in 0 milliseconds
2023-07-25 12:04:09,446 INFO [pool-7-thread-1] o.a.n.c.r.WriteAheadFlowFileRepository Initiating checkpoint of FlowFile Repository
2023-07-25 12:04:09,531 INFO [pool-7-thread-1] o.a.n.wali.SequentialAccessWriteAheadLog Checkpointed Write-Ahead Log with 5691 Records and 0 Swap Files in 83 milliseconds (Stop-the-world time = 23 milliseconds), max Transaction ID 6904
2023-07-25 12:04:09,532 INFO [pool-7-thread-1] o.a.n.c.r.WriteAheadFlowFileRepository Successfully checkpointed FlowFile Repository with 5691 records in 84 milliseconds
2023-07-25 12:04:19,526 INFO [Cleanup Archive for default] o.a.n.c.repository.FileSystemRepository Successfully deleted 0 files (0 bytes) from archive
2023-07-25 12:04:19,527 INFO [Cleanup Archive for default] o.a.n.c.repository.FileSystemRepository Archive cleanup completed for container default; will now allow writing to this container. Bytes used = 207.37 GB, bytes free = 268.84 GB, capacity = 476.21 GB
2023-07-25 12:04:26,630 INFO [Write-Ahead Local State Provider Maintenance] org.wali.MinimalLockingWriteAheadLog org.wali.MinimalLockingWriteAheadLog@7c4dd006 checkpointed with 5 Records and 0 Swap Files in 305 milliseconds (Stop-the-world time = 116 milliseconds, Clear Edit Logs time = 168 millis), max Transaction ID 3052
2023-07-25 12:04:29,532 INFO [pool-7-thread-1] o.a.n.c.r.WriteAheadFlowFileRepository Initiating checkpoint of FlowFile Repository
2023-07-25 12:04:29,618 INFO [pool-7-thread-1] o.a.n.wali.SequentialAccessWriteAheadLog Checkpointed Write-Ahead Log with 5692 Records and 0 Swap Files in 84 milliseconds (Stop-the-world time = 20 milliseconds), max Transaction ID 6905
2023-07-25 12:04:29,618 INFO [pool-7-thread-1] o.a.n.c.r.WriteAheadFlowFileRepository Successfully checkpointed FlowFile Repository with 5692 records in 84 milliseconds
2023-07-25 12:04:49,618 INFO [pool-7-thread-1] o.a.n.c.r.WriteAheadFlowFileRepository Initiating checkpoint of FlowFile Repository
2023-07-25 12:04:49,619 INFO [pool-7-thread-1] o.a.n.c.r.WriteAheadFlowFileRepository Successfully checkpointed FlowFile Repository with 5692 records in 0 milliseconds
2023-07-25 12:05:09,619 INFO [pool-7-thread-1] o.a.n.c.r.WriteAheadFlowFileRepository Initiating checkpoint of FlowFile Repository
2023-07-25 12:05:09,704 INFO [pool-7-thread-1] o.a.n.wali.SequentialAccessWriteAheadLog Checkpointed Write-Ahead Log with 5693 Records and 0 Swap Files in 83 milliseconds (Stop-the-world time = 20 milliseconds), max Transaction ID 6906
2023-07-25 12:05:09,704 INFO [pool-7-thread-1] o.a.n.c.r.WriteAheadFlowFileRepository Successfully checkpointed FlowFile Repository with 5693 records in 84 milliseconds
2023-07-25 12:05:20,513 INFO [Cleanup Archive for default] o.a.n.c.repository.FileSystemRepository Successfully deleted 0 files (0 bytes) from archive
2023-07-25 12:05:20,513 INFO [Cleanup Archive for default] o.a.n.c.repository.FileSystemRepository Archive cleanup completed for container default; will now allow writing to this container. Bytes used = 207.37 GB, bytes free = 268.85 GB, capacity = 476.21 GB
2023-07-25 12:05:29,705 INFO [pool-7-thread-1] o.a.n.c.r.WriteAheadFlowFileRepository Initiating checkpoint of FlowFile Repository
2023-07-25 12:05:29,804 INFO [pool-7-thread-1] o.a.n.wali.SequentialAccessWriteAheadLog Checkpointed Write-Ahead Log with 5694 Records and 0 Swap Files in 98 milliseconds (Stop-the-world time = 25 milliseconds), max Transaction ID 6907
2023-07-25 12:05:29,805 INFO [pool-7-thread-1] o.a.n.c.r.WriteAheadFlowFileRepository Successfully checkpointed FlowFile Repository with 5694 records in 98 milliseconds
2023-07-25 12:05:49,804 INFO [pool-7-thread-1] o.a.n.c.r.WriteAheadFlowFileRepository Initiating checkpoint of FlowFile Repository
2023-07-25 12:05:49,806 INFO [pool-7-thread-1] o.a.n.c.r.WriteAheadFlowFileRepository Successfully checkpointed FlowFile Repository with 5694 records in 0 milliseconds
2023-07-25 12:06:09,806 INFO [pool-7-thread-1] o.a.n.c.r.WriteAheadFlowFileRepository Initiating checkpoint of FlowFile Repository
2023-07-25 12:06:09,892 INFO [pool-7-thread-1] o.a.n.wali.SequentialAccessWriteAheadLog Checkpointed Write-Ahead Log with 5695 Records and 0 Swap Files in 84 milliseconds (Stop-the-world time = 19 milliseconds), max Transaction ID 6908
2023-07-25 12:06:09,892 INFO [pool-7-thread-1] o.a.n.c.r.WriteAheadFlowFileRepository Successfully checkpointed FlowFile Repository with 5695 records in 84 milliseconds
2023-07-25 12:06:21,485 INFO [Cleanup Archive for default] o.a.n.c.repository.FileSystemRepository Successfully deleted 0 files (0 bytes) from archive
2023-07-25 12:06:21,486 INFO [Cleanup Archive for default] o.a.n.c.repository.FileSystemRepository Archive cleanup completed for container default; will now allow writing to this container. Bytes used = 207.37 GB, bytes free = 268.85 GB, capacity = 476.21 GB
2023-07-25 12:06:26,915 INFO [Write-Ahead Local State Provider Maintenance] org.wali.MinimalLockingWriteAheadLog org.wali.MinimalLockingWriteAheadLog@7c4dd006 checkpointed with 5 Records and 0 Swap Files in 286 milliseconds (Stop-the-world time = 113 milliseconds, Clear Edit Logs time = 151 millis), max Transaction ID 3056
2023-07-25 12:06:29,893 INFO [pool-7-thread-1] o.a.n.c.r.WriteAheadFlowFileRepository Initiating checkpoint of FlowFile Repository
2023-07-25 12:06:29,979 INFO [pool-7-thread-1] o.a.n.wali.SequentialAccessWriteAheadLog Checkpointed Write-Ahead Log with 5696 Records and 0 Swap Files in 85 milliseconds (Stop-the-world time = 20 milliseconds), max Transaction ID 6909
2023-07-25 12:06:29,980 INFO [pool-7-thread-1] o.a.n.c.r.WriteAheadFlowFileRepository Successfully checkpointed FlowFile Repository with 5696 records in 85 milliseconds
2023-07-25 12:06:49,980 INFO [pool-7-thread-1] o.a.n.c.r.WriteAheadFlowFileRepository Initiating checkpoint of FlowFile Repository
2023-07-25 12:06:49,982 INFO [pool-7-thread-1] o.a.n.c.r.WriteAheadFlowFileRepository Successfully checkpointed FlowFile Repository with 5696 records in 0 milliseconds
2023-07-25 12:07:09,982 INFO [pool-7-thread-1] o.a.n.c.r.WriteAheadFlowFileRepository Initiating checkpoint of FlowFile Repository
2023-07-25 12:07:10,061 INFO [pool-7-thread-1] o.a.n.wali.SequentialAccessWriteAheadLog Checkpointed Write-Ahead Log with 5697 Records and 0 Swap Files in 78 milliseconds (Stop-the-world time = 15 milliseconds), max Transaction ID 6910
2023-07-25 12:07:10,061 INFO [pool-7-thread-1] o.a.n.c.r.WriteAheadFlowFileRepository Successfully checkpointed FlowFile Repository with 5697 records in 78 milliseconds
2023-07-25 12:07:22,434 INFO [Cleanup Archive for default] o.a.n.c.repository.FileSystemRepository Successfully deleted 0 files (0 bytes) from archive
2023-07-25 12:07:22,436 INFO [Cleanup Archive for default] o.a.n.c.repository.FileSystemRepository Archive cleanup completed for container default; will now allow writing to this container. Bytes used = 207.37 GB, bytes free = 268.85 GB, capacity = 476.21 GB
2023-07-25 12:07:30,062 INFO [pool-7-thread-1] o.a.n.c.r.WriteAheadFlowFileRepository Initiating checkpoint of FlowFile Repository
2023-07-25 12:07:30,149 INFO [pool-7-thread-1] o.a.n.wali.SequentialAccessWriteAheadLog Checkpointed Write-Ahead Log with 5698 Records and 0 Swap Files in 86 milliseconds (Stop-the-world time = 24 milliseconds), max Transaction ID 6911
2023-07-25 12:07:30,149 INFO [pool-7-thread-1] o.a.n.c.r.WriteAheadFlowFileRepository Successfully checkpointed FlowFile Repository with 5698 records in 86 milliseconds
2023-07-25 12:07:50,149 INFO [pool-7-thread-1] o.a.n.c.r.WriteAheadFlowFileRepository Initiating checkpoint of FlowFile Repository
2023-07-25 12:07:50,151 INFO [pool-7-thread-1] o.a.n.c.r.WriteAheadFlowFileRepository Successfully checkpointed FlowFile Repository with 5698 records in 0 milliseconds
2023-07-25 12:08:10,152 INFO [pool-7-thread-1] o.a.n.c.r.WriteAheadFlowFileRepository Initiating checkpoint of FlowFile Repository
2023-07-25 12:08:10,225 INFO [pool-7-thread-1] o.a.n.wali.SequentialAccessWriteAheadLog Checkpointed Write-Ahead Log with 5699 Records and 0 Swap Files in 72 milliseconds (Stop-the-world time = 11 milliseconds), max Transaction ID 6912
2023-07-25 12:08:10,225 INFO [pool-7-thread-1] o.a.n.c.r.WriteAheadFlowFileRepository Successfully checkpointed FlowFile Repository with 5699 records in 72 milliseconds
2023-07-25 12:08:23,424 INFO [Cleanup Archive for default] o.a.n.c.repository.FileSystemRepository Successfully deleted 0 files (0 bytes) from archive
2023-07-25 12:08:23,425 INFO [Cleanup Archive for default] o.a.n.c.repository.FileSystemRepository Archive cleanup completed for container default; will now allow writing to this container. Bytes used = 207.37 GB, bytes free = 268.84 GB, capacity = 476.21 GB
2023-07-25 12:08:27,220 INFO [Write-Ahead Local State Provider Maintenance] org.wali.MinimalLockingWriteAheadLog org.wali.MinimalLockingWriteAheadLog@7c4dd006 checkpointed with 5 Records and 0 Swap Files in 304 milliseconds (Stop-the-world time = 121 milliseconds, Clear Edit Logs time = 155 millis), max Transaction ID 3063
2023-07-25 12:08:30,226 INFO [pool-7-thread-1] o.a.n.c.r.WriteAheadFlowFileRepository Initiating checkpoint of FlowFile Repository
2023-07-25 12:08:30,314 INFO [pool-7-thread-1] o.a.n.wali.SequentialAccessWriteAheadLog Checkpointed Write-Ahead Log with 5700 Records and 0 Swap Files in 87 milliseconds (Stop-the-world time = 21 milliseconds), max Transaction ID 6913
2023-07-25 12:08:30,315 INFO [pool-7-thread-1] o.a.n.c.r.WriteAheadFlowFileRepository Successfully checkpointed FlowFile Repository with 5700 records in 88 milliseconds
2023-07-25 12:08:50,315 INFO [pool-7-thread-1] o.a.n.c.r.WriteAheadFlowFileRepository Initiating checkpoint of FlowFile Repository
2023-07-25 12:08:50,317 INFO [pool-7-thread-1] o.a.n.c.r.WriteAheadFlowFileRepository Successfully checkpointed FlowFile Repository with 5700 records in 0 milliseconds
2023-07-25 12:09:10,318 INFO [pool-7-thread-1] o.a.n.c.r.WriteAheadFlowFileRepository Initiating checkpoint of FlowFile Repository
2023-07-25 12:09:10,415 INFO [pool-7-thread-1] o.a.n.wali.SequentialAccessWriteAheadLog Checkpointed Write-Ahead Log with 5701 Records and 0 Swap Files in 95 milliseconds (Stop-the-world time = 25 milliseconds), max Transaction ID 6914
2023-07-25 12:09:10,415 INFO [pool-7-thread-1] o.a.n.c.r.WriteAheadFlowFileRepository Successfully checkpointed FlowFile Repository with 5701 records in 95 milliseconds
2023-07-25 12:09:24,394 INFO [Cleanup Archive for default] o.a.n.c.repository.FileSystemRepository Successfully deleted 0 files (0 bytes) from archive
2023-07-25 12:09:24,395 INFO [Cleanup Archive for default] o.a.n.c.repository.FileSystemRepository Archive cleanup completed for container default; will now allow writing to this container. Bytes used = 207.37 GB, bytes free = 268.85 GB, capacity = 476.21 GB
2023-07-25 12:09:30,416 INFO [pool-7-thread-1] o.a.n.c.r.WriteAheadFlowFileRepository Initiating checkpoint of FlowFile Repository
2023-07-25 12:09:30,500 INFO [pool-7-thread-1] o.a.n.wali.SequentialAccessWriteAheadLog Checkpointed Write-Ahead Log with 5702 Records and 0 Swap Files in 83 milliseconds (Stop-the-world time = 18 milliseconds), max Transaction ID 6915
2023-07-25 12:09:30,500 INFO [pool-7-thread-1] o.a.n.c.r.WriteAheadFlowFileRepository Successfully checkpointed FlowFile Repository with 5702 records in 83 milliseconds
2023-07-25 12:09:50,500 INFO [pool-7-thread-1] o.a.n.c.r.WriteAheadFlowFileRepository Initiating checkpoint of FlowFile Repository
2023-07-25 12:09:50,502 INFO [pool-7-thread-1] o.a.n.c.r.WriteAheadFlowFileRepository Successfully checkpointed FlowFile Repository with 5702 records in 0 milliseconds
2023-07-25 12:10:10,502 INFO [pool-7-thread-1] o.a.n.c.r.WriteAheadFlowFileRepository Initiating checkpoint of FlowFile Repository
2023-07-25 12:10:10,579 INFO [pool-7-thread-1] o.a.n.wali.SequentialAccessWriteAheadLog Checkpointed Write-Ahead Log with 5703 Records and 0 Swap Files in 75 milliseconds (Stop-the-world time = 19 milliseconds), max Transaction ID 6916
2023-07-25 12:10:10,579 INFO [pool-7-thread-1] o.a.n.c.r.WriteAheadFlowFileRepository Successfully checkpointed FlowFile Repository with 5703 records in 75 milliseconds
2023-07-25 12:10:25,339 INFO [Cleanup Archive for default] o.a.n.c.repository.FileSystemRepository Successfully deleted 0 files (0 bytes) from archive
2023-07-25 12:10:25,340 INFO [Cleanup Archive for default] o.a.n.c.repository.FileSystemRepository Archive cleanup completed for container default; will now allow writing to this container. Bytes used = 207.36 GB, bytes free = 268.85 GB, capacity = 476.21 GB
2023-07-25 12:10:26,416 INFO [Timer-Driven Process Thread-3] o.a.n.p.store.WriteAheadStorePartition Successfully rolled over Event Writer for Provenance Event Store Partition[directory=./provenance_repository] due to MAX_TIME_REACHED. Event File was 21.87 KB and contained 20 events.
2023-07-25 12:10:27,513 INFO [Write-Ahead Local State Provider Maintenance] org.wali.MinimalLockingWriteAheadLog org.wali.MinimalLockingWriteAheadLog@7c4dd006 checkpointed with 5 Records and 0 Swap Files in 292 milliseconds (Stop-the-world time = 105 milliseconds, Clear Edit Logs time = 161 millis), max Transaction ID 3067
2023-07-25 12:10:30,580 INFO [pool-7-thread-1] o.a.n.c.r.WriteAheadFlowFileRepository Initiating checkpoint of FlowFile Repository
2023-07-25 12:10:30,655 INFO [pool-7-thread-1] o.a.n.wali.SequentialAccessWriteAheadLog Checkpointed Write-Ahead Log with 5704 Records and 0 Swap Files in 74 milliseconds (Stop-the-world time = 19 milliseconds), max Transaction ID 6917
2023-07-25 12:10:30,655 INFO [pool-7-thread-1] o.a.n.c.r.WriteAheadFlowFileRepository Successfully checkpointed FlowFile Repository with 5704 records in 74 milliseconds
2023-07-25 12:10:50,655 INFO [pool-7-thread-1] o.a.n.c.r.WriteAheadFlowFileRepository Initiating checkpoint of FlowFile Repository
2023-07-25 12:10:50,657 INFO [pool-7-thread-1] o.a.n.c.r.WriteAheadFlowFileRepository Successfully checkpointed FlowFile Repository with 5704 records in 0 milliseconds
2023-07-25 12:11:10,658 INFO [pool-7-thread-1] o.a.n.c.r.WriteAheadFlowFileRepository Initiating checkpoint of FlowFile Repository
2023-07-25 12:11:10,738 INFO [pool-7-thread-1] o.a.n.wali.SequentialAccessWriteAheadLog Checkpointed Write-Ahead Log with 5705 Records and 0 Swap Files in 78 milliseconds (Stop-the-world time = 18 milliseconds), max Transaction ID 6918
2023-07-25 12:11:10,738 INFO [pool-7-thread-1] o.a.n.c.r.WriteAheadFlowFileRepository Successfully checkpointed FlowFile Repository with 5705 records in 78 milliseconds
2023-07-25 12:11:26,315 INFO [Cleanup Archive for default] o.a.n.c.repository.FileSystemRepository Successfully deleted 0 files (0 bytes) from archive
2023-07-25 12:11:26,316 INFO [Cleanup Archive for default] o.a.n.c.repository.FileSystemRepository Archive cleanup completed for container default; will now allow writing to this container. Bytes used = 207.36 GB, bytes free = 268.85 GB, capacity = 476.21 GB
2023-07-25 12:11:30,738 INFO [pool-7-thread-1] o.a.n.c.r.WriteAheadFlowFileRepository Initiating checkpoint of FlowFile Repository
2023-07-25 12:11:30,814 INFO [pool-7-thread-1] o.a.n.wali.SequentialAccessWriteAheadLog Checkpointed Write-Ahead Log with 5706 Records and 0 Swap Files in 74 milliseconds (Stop-the-world time = 19 milliseconds), max Transaction ID 6919
2023-07-25 12:11:30,814 INFO [pool-7-thread-1] o.a.n.c.r.WriteAheadFlowFileRepository Successfully checkpointed FlowFile Repository with 5706 records in 75 milliseconds
2023-07-25 12:11:50,814 INFO [pool-7-thread-1] o.a.n.c.r.WriteAheadFlowFileRepository Initiating checkpoint of FlowFile Repository
2023-07-25 12:11:50,816 INFO [pool-7-thread-1] o.a.n.c.r.WriteAheadFlowFileRepository Successfully checkpointed FlowFile Repository with 5706 records in 0 milliseconds
2023-07-25 12:12:10,817 INFO [pool-7-thread-1] o.a.n.c.r.WriteAheadFlowFileRepository Initiating checkpoint of FlowFile Repository
2023-07-25 12:12:10,896 INFO [pool-7-thread-1] o.a.n.wali.SequentialAccessWriteAheadLog Checkpointed Write-Ahead Log with 5707 Records and 0 Swap Files in 78 milliseconds (Stop-the-world time = 19 milliseconds), max Transaction ID 6920
2023-07-25 12:12:10,896 INFO [pool-7-thread-1] o.a.n.c.r.WriteAheadFlowFileRepository Successfully checkpointed FlowFile Repository with 5707 records in 78 milliseconds
2023-07-25 12:12:27,317 INFO [Cleanup Archive for default] o.a.n.c.repository.FileSystemRepository Successfully deleted 0 files (0 bytes) from archive
2023-07-25 12:12:27,318 INFO [Cleanup Archive for default] o.a.n.c.repository.FileSystemRepository Archive cleanup completed for container default; will now allow writing to this container. Bytes used = 207.36 GB, bytes free = 268.85 GB, capacity = 476.21 GB
2023-07-25 12:12:27,796 INFO [Write-Ahead Local State Provider Maintenance] org.wali.MinimalLockingWriteAheadLog org.wali.MinimalLockingWriteAheadLog@7c4dd006 checkpointed with 5 Records and 0 Swap Files in 282 milliseconds (Stop-the-world time = 107 milliseconds, Clear Edit Logs time = 155 millis), max Transaction ID 3071
2023-07-25 12:12:30,896 INFO [pool-7-thread-1] o.a.n.c.r.WriteAheadFlowFileRepository Initiating checkpoint of FlowFile Repository
2023-07-25 12:12:30,973 INFO [pool-7-thread-1] o.a.n.wali.SequentialAccessWriteAheadLog Checkpointed Write-Ahead Log with 5708 Records and 0 Swap Files in 75 milliseconds (Stop-the-world time = 14 milliseconds), max Transaction ID 6921
2023-07-25 12:12:30,973 INFO [pool-7-thread-1] o.a.n.c.r.WriteAheadFlowFileRepository Successfully checkpointed FlowFile Repository with 5708 records in 76 milliseconds
2023-07-25 12:12:50,974 INFO [pool-7-thread-1] o.a.n.c.r.WriteAheadFlowFileRepository Initiating checkpoint of FlowFile Repository
2023-07-25 12:12:50,975 INFO [pool-7-thread-1] o.a.n.c.r.WriteAheadFlowFileRepository Successfully checkpointed FlowFile Repository with 5708 records in 0 milliseconds
2023-07-25 12:13:10,976 INFO [pool-7-thread-1] o.a.n.c.r.WriteAheadFlowFileRepository Initiating checkpoint of FlowFile Repository
2023-07-25 12:13:11,062 INFO [pool-7-thread-1] o.a.n.wali.SequentialAccessWriteAheadLog Checkpointed Write-Ahead Log with 5709 Records and 0 Swap Files in 84 milliseconds (Stop-the-world time = 17 milliseconds), max Transaction ID 6922
2023-07-25 12:13:11,062 INFO [pool-7-thread-1] o.a.n.c.r.WriteAheadFlowFileRepository Successfully checkpointed FlowFile Repository with 5709 records in 84 milliseconds
2023-07-25 12:13:28,309 INFO [Cleanup Archive for default] o.a.n.c.repository.FileSystemRepository Successfully deleted 0 files (0 bytes) from archive
2023-07-25 12:13:28,311 INFO [Cleanup Archive for default] o.a.n.c.repository.FileSystemRepository Archive cleanup completed for container default; will now allow writing to this container. Bytes used = 207.37 GB, bytes free = 268.85 GB, capacity = 476.21 GB
2023-07-25 12:13:31,062 INFO [pool-7-thread-1] o.a.n.c.r.WriteAheadFlowFileRepository Initiating checkpoint of FlowFile Repository
2023-07-25 12:13:31,148 INFO [pool-7-thread-1] o.a.n.wali.SequentialAccessWriteAheadLog Checkpointed Write-Ahead Log with 5710 Records and 0 Swap Files in 85 milliseconds (Stop-the-world time = 21 milliseconds), max Transaction ID 6923
2023-07-25 12:13:31,149 INFO [pool-7-thread-1] o.a.n.c.r.WriteAheadFlowFileRepository Successfully checkpointed FlowFile Repository with 5710 records in 86 milliseconds
2023-07-25 12:13:51,149 INFO [pool-7-thread-1] o.a.n.c.r.WriteAheadFlowFileRepository Initiating checkpoint of FlowFile Repository
2023-07-25 12:13:51,151 INFO [pool-7-thread-1] o.a.n.c.r.WriteAheadFlowFileRepository Successfully checkpointed FlowFile Repository with 5710 records in 0 milliseconds
2023-07-25 12:14:11,152 INFO [pool-7-thread-1] o.a.n.c.r.WriteAheadFlowFileRepository Initiating checkpoint of FlowFile Repository
2023-07-25 12:14:11,251 INFO [pool-7-thread-1] o.a.n.wali.SequentialAccessWriteAheadLog Checkpointed Write-Ahead Log with 5711 Records and 0 Swap Files in 98 milliseconds (Stop-the-world time = 23 milliseconds), max Transaction ID 6924
2023-07-25 12:14:11,252 INFO [pool-7-thread-1] o.a.n.c.r.WriteAheadFlowFileRepository Successfully checkpointed FlowFile Repository with 5711 records in 99 milliseconds
2023-07-25 12:14:28,082 INFO [Write-Ahead Local State Provider Maintenance] org.wali.MinimalLockingWriteAheadLog org.wali.MinimalLockingWriteAheadLog@7c4dd006 checkpointed with 5 Records and 0 Swap Files in 286 milliseconds (Stop-the-world time = 110 milliseconds, Clear Edit Logs time = 156 millis), max Transaction ID 3075
2023-07-25 12:14:29,166 INFO [Cleanup Archive for default] o.a.n.c.repository.FileSystemRepository Successfully deleted 0 files (0 bytes) from archive
2023-07-25 12:14:29,167 INFO [Cleanup Archive for default] o.a.n.c.repository.FileSystemRepository Archive cleanup completed for container default; will now allow writing to this container. Bytes used = 207.36 GB, bytes free = 268.86 GB, capacity = 476.21 GB
2023-07-25 12:14:31,252 INFO [pool-7-thread-1] o.a.n.c.r.WriteAheadFlowFileRepository Initiating checkpoint of FlowFile Repository
2023-07-25 12:14:31,339 INFO [pool-7-thread-1] o.a.n.wali.SequentialAccessWriteAheadLog Checkpointed Write-Ahead Log with 5712 Records and 0 Swap Files in 85 milliseconds (Stop-the-world time = 21 milliseconds), max Transaction ID 6925
2023-07-25 12:14:31,339 INFO [pool-7-thread-1] o.a.n.c.r.WriteAheadFlowFileRepository Successfully checkpointed FlowFile Repository with 5712 records in 85 milliseconds
2023-07-25 12:14:51,339 INFO [pool-7-thread-1] o.a.n.c.r.WriteAheadFlowFileRepository Initiating checkpoint of FlowFile Repository
2023-07-25 12:14:51,340 INFO [pool-7-thread-1] o.a.n.c.r.WriteAheadFlowFileRepository Successfully checkpointed FlowFile Repository with 5712 records in 0 milliseconds
2023-07-25 12:15:11,340 INFO [pool-7-thread-1] o.a.n.c.r.WriteAheadFlowFileRepository Initiating checkpoint of FlowFile Repository
2023-07-25 12:15:11,434 INFO [pool-7-thread-1] o.a.n.wali.SequentialAccessWriteAheadLog Checkpointed Write-Ahead Log with 5713 Records and 0 Swap Files in 93 milliseconds (Stop-the-world time = 21 milliseconds), max Transaction ID 6926
2023-07-25 12:15:11,435 INFO [pool-7-thread-1] o.a.n.c.r.WriteAheadFlowFileRepository Successfully checkpointed FlowFile Repository with 5713 records in 93 milliseconds
2023-07-25 12:15:29,973 INFO [Cleanup Archive for default] o.a.n.c.repository.FileSystemRepository Successfully deleted 0 files (0 bytes) from archive
2023-07-25 12:15:29,974 INFO [Cleanup Archive for default] o.a.n.c.repository.FileSystemRepository Archive cleanup completed for container default; will now allow writing to this container. Bytes used = 207.36 GB, bytes free = 268.85 GB, capacity = 476.21 GB
2023-07-25 12:15:31,436 INFO [pool-7-thread-1] o.a.n.c.r.WriteAheadFlowFileRepository Initiating checkpoint of FlowFile Repository
2023-07-25 12:15:31,522 INFO [pool-7-thread-1] o.a.n.wali.SequentialAccessWriteAheadLog Checkpointed Write-Ahead Log with 5714 Records and 0 Swap Files in 86 milliseconds (Stop-the-world time = 20 milliseconds), max Transaction ID 6927
2023-07-25 12:15:31,523 INFO [pool-7-thread-1] o.a.n.c.r.WriteAheadFlowFileRepository Successfully checkpointed FlowFile Repository with 5714 records in 86 milliseconds
2023-07-25 12:15:51,523 INFO [pool-7-thread-1] o.a.n.c.r.WriteAheadFlowFileRepository Initiating checkpoint of FlowFile Repository
2023-07-25 12:15:51,524 INFO [pool-7-thread-1] o.a.n.c.r.WriteAheadFlowFileRepository Successfully checkpointed FlowFile Repository with 5714 records in 0 milliseconds
2023-07-25 12:16:11,525 INFO [pool-7-thread-1] o.a.n.c.r.WriteAheadFlowFileRepository Initiating checkpoint of FlowFile Repository
2023-07-25 12:16:11,609 INFO [pool-7-thread-1] o.a.n.wali.SequentialAccessWriteAheadLog Checkpointed Write-Ahead Log with 5715 Records and 0 Swap Files in 83 milliseconds (Stop-the-world time = 20 milliseconds), max Transaction ID 6928
2023-07-25 12:16:11,610 INFO [pool-7-thread-1] o.a.n.c.r.WriteAheadFlowFileRepository Successfully checkpointed FlowFile Repository with 5715 records in 83 milliseconds
2023-07-25 12:16:28,367 INFO [Write-Ahead Local State Provider Maintenance] org.wali.MinimalLockingWriteAheadLog org.wali.MinimalLockingWriteAheadLog@7c4dd006 checkpointed with 5 Records and 0 Swap Files in 284 milliseconds (Stop-the-world time = 107 milliseconds, Clear Edit Logs time = 156 millis), max Transaction ID 3079
2023-07-25 12:16:30,955 INFO [Cleanup Archive for default] o.a.n.c.repository.FileSystemRepository Successfully deleted 0 files (0 bytes) from archive
2023-07-25 12:16:30,956 INFO [Cleanup Archive for default] o.a.n.c.repository.FileSystemRepository Archive cleanup completed for container default; will now allow writing to this container. Bytes used = 207.36 GB, bytes free = 268.85 GB, capacity = 476.21 GB
2023-07-25 12:16:31,610 INFO [pool-7-thread-1] o.a.n.c.r.WriteAheadFlowFileRepository Initiating checkpoint of FlowFile Repository
2023-07-25 12:16:31,689 INFO [pool-7-thread-1] o.a.n.wali.SequentialAccessWriteAheadLog Checkpointed Write-Ahead Log with 5716 Records and 0 Swap Files in 78 milliseconds (Stop-the-world time = 13 milliseconds), max Transaction ID 6929
2023-07-25 12:16:31,690 INFO [pool-7-thread-1] o.a.n.c.r.WriteAheadFlowFileRepository Successfully checkpointed FlowFile Repository with 5716 records in 78 milliseconds
2023-07-25 12:16:51,690 INFO [pool-7-thread-1] o.a.n.c.r.WriteAheadFlowFileRepository Initiating checkpoint of FlowFile Repository
2023-07-25 12:16:51,691 INFO [pool-7-thread-1] o.a.n.c.r.WriteAheadFlowFileRepository Successfully checkpointed FlowFile Repository with 5716 records in 0 milliseconds
2023-07-25 12:17:11,692 INFO [pool-7-thread-1] o.a.n.c.r.WriteAheadFlowFileRepository Initiating checkpoint of FlowFile Repository
2023-07-25 12:17:11,774 INFO [pool-7-thread-1] o.a.n.wali.SequentialAccessWriteAheadLog Checkpointed Write-Ahead Log with 5717 Records and 0 Swap Files in 80 milliseconds (Stop-the-world time = 20 milliseconds), max Transaction ID 6930
2023-07-25 12:17:11,774 INFO [pool-7-thread-1] o.a.n.c.r.WriteAheadFlowFileRepository Successfully checkpointed FlowFile Repository with 5717 records in 81 milliseconds
2023-07-25 12:17:31,774 INFO [pool-7-thread-1] o.a.n.c.r.WriteAheadFlowFileRepository Initiating checkpoint of FlowFile Repository
2023-07-25 12:17:31,875 INFO [pool-7-thread-1] o.a.n.wali.SequentialAccessWriteAheadLog Checkpointed Write-Ahead Log with 5718 Records and 0 Swap Files in 99 milliseconds (Stop-the-world time = 22 milliseconds), max Transaction ID 6931
2023-07-25 12:17:31,875 INFO [pool-7-thread-1] o.a.n.c.r.WriteAheadFlowFileRepository Successfully checkpointed FlowFile Repository with 5718 records in 100 milliseconds
2023-07-25 12:17:31,950 INFO [Cleanup Archive for default] o.a.n.c.repository.FileSystemRepository Successfully deleted 0 files (0 bytes) from archive
2023-07-25 12:17:31,950 INFO [Cleanup Archive for default] o.a.n.c.repository.FileSystemRepository Archive cleanup completed for container default; will now allow writing to this container. Bytes used = 207.36 GB, bytes free = 268.86 GB, capacity = 476.21 GB
2023-07-25 12:17:51,876 INFO [pool-7-thread-1] o.a.n.c.r.WriteAheadFlowFileRepository Initiating checkpoint of FlowFile Repository
2023-07-25 12:17:51,877 INFO [pool-7-thread-1] o.a.n.c.r.WriteAheadFlowFileRepository Successfully checkpointed FlowFile Repository with 5718 records in 0 milliseconds
2023-07-25 12:18:11,877 INFO [pool-7-thread-1] o.a.n.c.r.WriteAheadFlowFileRepository Initiating checkpoint of FlowFile Repository
2023-07-25 12:18:11,967 INFO [pool-7-thread-1] o.a.n.wali.SequentialAccessWriteAheadLog Checkpointed Write-Ahead Log with 5719 Records and 0 Swap Files in 87 milliseconds (Stop-the-world time = 22 milliseconds), max Transaction ID 6932
2023-07-25 12:18:11,968 INFO [pool-7-thread-1] o.a.n.c.r.WriteAheadFlowFileRepository Successfully checkpointed FlowFile Repository with 5719 records in 87 milliseconds
2023-07-25 12:18:28,644 INFO [Write-Ahead Local State Provider Maintenance] org.wali.MinimalLockingWriteAheadLog org.wali.MinimalLockingWriteAheadLog@7c4dd006 checkpointed with 5 Records and 0 Swap Files in 275 milliseconds (Stop-the-world time = 108 milliseconds, Clear Edit Logs time = 147 millis), max Transaction ID 3083
2023-07-25 12:18:31,968 INFO [pool-7-thread-1] o.a.n.c.r.WriteAheadFlowFileRepository Initiating checkpoint of FlowFile Repository
2023-07-25 12:18:32,064 INFO [pool-7-thread-1] o.a.n.wali.SequentialAccessWriteAheadLog Checkpointed Write-Ahead Log with 5720 Records and 0 Swap Files in 95 milliseconds (Stop-the-world time = 21 milliseconds), max Transaction ID 6933
2023-07-25 12:18:32,065 INFO [pool-7-thread-1] o.a.n.c.r.WriteAheadFlowFileRepository Successfully checkpointed FlowFile Repository with 5720 records in 95 milliseconds
2023-07-25 12:18:32,895 INFO [Cleanup Archive for default] o.a.n.c.repository.FileSystemRepository Successfully deleted 0 files (0 bytes) from archive
2023-07-25 12:18:32,896 INFO [Cleanup Archive for default] o.a.n.c.repository.FileSystemRepository Archive cleanup completed for container default; will now allow writing to this container. Bytes used = 207.36 GB, bytes free = 268.85 GB, capacity = 476.21 GB
2023-07-25 12:18:52,065 INFO [pool-7-thread-1] o.a.n.c.r.WriteAheadFlowFileRepository Initiating checkpoint of FlowFile Repository
2023-07-25 12:18:52,068 INFO [pool-7-thread-1] o.a.n.c.r.WriteAheadFlowFileRepository Successfully checkpointed FlowFile Repository with 5720 records in 0 milliseconds
2023-07-25 12:19:12,068 INFO [pool-7-thread-1] o.a.n.c.r.WriteAheadFlowFileRepository Initiating checkpoint of FlowFile Repository
2023-07-25 12:19:12,153 INFO [pool-7-thread-1] o.a.n.wali.SequentialAccessWriteAheadLog Checkpointed Write-Ahead Log with 5721 Records and 0 Swap Files in 83 milliseconds (Stop-the-world time = 20 milliseconds), max Transaction ID 6934
2023-07-25 12:19:12,153 INFO [pool-7-thread-1] o.a.n.c.r.WriteAheadFlowFileRepository Successfully checkpointed FlowFile Repository with 5721 records in 83 milliseconds
2023-07-25 12:19:32,153 INFO [pool-7-thread-1] o.a.n.c.r.WriteAheadFlowFileRepository Initiating checkpoint of FlowFile Repository
2023-07-25 12:19:32,233 INFO [pool-7-thread-1] o.a.n.wali.SequentialAccessWriteAheadLog Checkpointed Write-Ahead Log with 5722 Records and 0 Swap Files in 78 milliseconds (Stop-the-world time = 18 milliseconds), max Transaction ID 6935
2023-07-25 12:19:32,233 INFO [pool-7-thread-1] o.a.n.c.r.WriteAheadFlowFileRepository Successfully checkpointed FlowFile Repository with 5722 records in 78 milliseconds
2023-07-25 12:19:33,866 INFO [Cleanup Archive for default] o.a.n.c.repository.FileSystemRepository Successfully deleted 0 files (0 bytes) from archive
2023-07-25 12:19:33,867 INFO [Cleanup Archive for default] o.a.n.c.repository.FileSystemRepository Archive cleanup completed for container default; will now allow writing to this container. Bytes used = 207.36 GB, bytes free = 268.85 GB, capacity = 476.21 GB
2023-07-25 12:19:52,234 INFO [pool-7-thread-1] o.a.n.c.r.WriteAheadFlowFileRepository Initiating checkpoint of FlowFile Repository
2023-07-25 12:19:52,235 INFO [pool-7-thread-1] o.a.n.c.r.WriteAheadFlowFileRepository Successfully checkpointed FlowFile Repository with 5722 records in 0 milliseconds
2023-07-25 12:20:12,236 INFO [pool-7-thread-1] o.a.n.c.r.WriteAheadFlowFileRepository Initiating checkpoint of FlowFile Repository
2023-07-25 12:20:12,319 INFO [pool-7-thread-1] o.a.n.wali.SequentialAccessWriteAheadLog Checkpointed Write-Ahead Log with 5723 Records and 0 Swap Files in 81 milliseconds (Stop-the-world time = 19 milliseconds), max Transaction ID 6936
2023-07-25 12:20:12,320 INFO [pool-7-thread-1] o.a.n.c.r.WriteAheadFlowFileRepository Successfully checkpointed FlowFile Repository with 5723 records in 81 milliseconds
2023-07-25 12:20:26,573 INFO [Timer-Driven Process Thread-3] o.a.n.p.store.WriteAheadStorePartition Successfully rolled over Event Writer for Provenance Event Store Partition[directory=./provenance_repository] due to MAX_TIME_REACHED. Event File was 21.91 KB and contained 20 events.
2023-07-25 12:20:28,929 INFO [Write-Ahead Local State Provider Maintenance] org.wali.MinimalLockingWriteAheadLog org.wali.MinimalLockingWriteAheadLog@7c4dd006 checkpointed with 5 Records and 0 Swap Files in 285 milliseconds (Stop-the-world time = 113 milliseconds, Clear Edit Logs time = 151 millis), max Transaction ID 3087
2023-07-25 12:20:32,320 INFO [pool-7-thread-1] o.a.n.c.r.WriteAheadFlowFileRepository Initiating checkpoint of FlowFile Repository
2023-07-25 12:20:32,412 INFO [pool-7-thread-1] o.a.n.wali.SequentialAccessWriteAheadLog Checkpointed Write-Ahead Log with 5724 Records and 0 Swap Files in 90 milliseconds (Stop-the-world time = 28 milliseconds), max Transaction ID 6937
2023-07-25 12:20:32,412 INFO [pool-7-thread-1] o.a.n.c.r.WriteAheadFlowFileRepository Successfully checkpointed FlowFile Repository with 5724 records in 90 milliseconds
2023-07-25 12:20:34,774 INFO [Cleanup Archive for default] o.a.n.c.repository.FileSystemRepository Successfully deleted 0 files (0 bytes) from archive
2023-07-25 12:20:34,775 INFO [Cleanup Archive for default] o.a.n.c.repository.FileSystemRepository Archive cleanup completed for container default; will now allow writing to this container. Bytes used = 207.36 GB, bytes free = 268.85 GB, capacity = 476.21 GB
2023-07-25 12:20:52,413 INFO [pool-7-thread-1] o.a.n.c.r.WriteAheadFlowFileRepository Initiating checkpoint of FlowFile Repository
2023-07-25 12:20:52,414 INFO [pool-7-thread-1] o.a.n.c.r.WriteAheadFlowFileRepository Successfully checkpointed FlowFile Repository with 5724 records in 0 milliseconds
2023-07-25 12:21:12,415 INFO [pool-7-thread-1] o.a.n.c.r.WriteAheadFlowFileRepository Initiating checkpoint of FlowFile Repository
2023-07-25 12:21:12,498 INFO [pool-7-thread-1] o.a.n.wali.SequentialAccessWriteAheadLog Checkpointed Write-Ahead Log with 5725 Records and 0 Swap Files in 81 milliseconds (Stop-the-world time = 17 milliseconds), max Transaction ID 6938
2023-07-25 12:21:12,498 INFO [pool-7-thread-1] o.a.n.c.r.WriteAheadFlowFileRepository Successfully checkpointed FlowFile Repository with 5725 records in 82 milliseconds
2023-07-25 12:21:32,499 INFO [pool-7-thread-1] o.a.n.c.r.WriteAheadFlowFileRepository Initiating checkpoint of FlowFile Repository
2023-07-25 12:21:32,586 INFO [pool-7-thread-1] o.a.n.wali.SequentialAccessWriteAheadLog Checkpointed Write-Ahead Log with 5726 Records and 0 Swap Files in 84 milliseconds (Stop-the-world time = 20 milliseconds), max Transaction ID 6939
2023-07-25 12:21:32,586 INFO [pool-7-thread-1] o.a.n.c.r.WriteAheadFlowFileRepository Successfully checkpointed FlowFile Repository with 5726 records in 84 milliseconds
2023-07-25 12:21:35,697 INFO [Cleanup Archive for default] o.a.n.c.repository.FileSystemRepository Successfully deleted 0 files (0 bytes) from archive
2023-07-25 12:21:35,698 INFO [Cleanup Archive for default] o.a.n.c.repository.FileSystemRepository Archive cleanup completed for container default; will now allow writing to this container. Bytes used = 207.36 GB, bytes free = 268.85 GB, capacity = 476.21 GB
2023-07-25 12:21:52,587 INFO [pool-7-thread-1] o.a.n.c.r.WriteAheadFlowFileRepository Initiating checkpoint of FlowFile Repository
2023-07-25 12:21:52,589 INFO [pool-7-thread-1] o.a.n.c.r.WriteAheadFlowFileRepository Successfully checkpointed FlowFile Repository with 5726 records in 0 milliseconds
2023-07-25 12:22:12,590 INFO [pool-7-thread-1] o.a.n.c.r.WriteAheadFlowFileRepository Initiating checkpoint of FlowFile Repository
2023-07-25 12:22:12,674 INFO [pool-7-thread-1] o.a.n.wali.SequentialAccessWriteAheadLog Checkpointed Write-Ahead Log with 5727 Records and 0 Swap Files in 82 milliseconds (Stop-the-world time = 18 milliseconds), max Transaction ID 6940
2023-07-25 12:22:12,674 INFO [pool-7-thread-1] o.a.n.c.r.WriteAheadFlowFileRepository Successfully checkpointed FlowFile Repository with 5727 records in 82 milliseconds
2023-07-25 12:22:29,217 INFO [Write-Ahead Local State Provider Maintenance] org.wali.MinimalLockingWriteAheadLog org.wali.MinimalLockingWriteAheadLog@7c4dd006 checkpointed with 5 Records and 0 Swap Files in 287 milliseconds (Stop-the-world time = 102 milliseconds, Clear Edit Logs time = 148 millis), max Transaction ID 3091
2023-07-25 12:22:32,675 INFO [pool-7-thread-1] o.a.n.c.r.WriteAheadFlowFileRepository Initiating checkpoint of FlowFile Repository
2023-07-25 12:22:32,768 INFO [pool-7-thread-1] o.a.n.wali.SequentialAccessWriteAheadLog Checkpointed Write-Ahead Log with 5728 Records and 0 Swap Files in 91 milliseconds (Stop-the-world time = 22 milliseconds), max Transaction ID 6941
2023-07-25 12:22:32,768 INFO [pool-7-thread-1] o.a.n.c.r.WriteAheadFlowFileRepository Successfully checkpointed FlowFile Repository with 5728 records in 92 milliseconds
2023-07-25 12:22:36,634 INFO [Cleanup Archive for default] o.a.n.c.repository.FileSystemRepository Successfully deleted 0 files (0 bytes) from archive
2023-07-25 12:22:36,635 INFO [Cleanup Archive for default] o.a.n.c.repository.FileSystemRepository Archive cleanup completed for container default; will now allow writing to this container. Bytes used = 207.36 GB, bytes free = 268.85 GB, capacity = 476.21 GB
2023-07-25 12:22:52,769 INFO [pool-7-thread-1] o.a.n.c.r.WriteAheadFlowFileRepository Initiating checkpoint of FlowFile Repository
2023-07-25 12:22:52,770 INFO [pool-7-thread-1] o.a.n.c.r.WriteAheadFlowFileRepository Successfully checkpointed FlowFile Repository with 5728 records in 0 milliseconds
2023-07-25 12:23:12,771 INFO [pool-7-thread-1] o.a.n.c.r.WriteAheadFlowFileRepository Initiating checkpoint of FlowFile Repository
2023-07-25 12:23:12,867 INFO [pool-7-thread-1] o.a.n.wali.SequentialAccessWriteAheadLog Checkpointed Write-Ahead Log with 5729 Records and 0 Swap Files in 93 milliseconds (Stop-the-world time = 27 milliseconds), max Transaction ID 6942
2023-07-25 12:23:12,867 INFO [pool-7-thread-1] o.a.n.c.r.WriteAheadFlowFileRepository Successfully checkpointed FlowFile Repository with 5729 records in 93 milliseconds
2023-07-25 12:23:32,867 INFO [pool-7-thread-1] o.a.n.c.r.WriteAheadFlowFileRepository Initiating checkpoint of FlowFile Repository
2023-07-25 12:23:32,937 INFO [pool-7-thread-1] o.a.n.wali.SequentialAccessWriteAheadLog Checkpointed Write-Ahead Log with 5730 Records and 0 Swap Files in 69 milliseconds (Stop-the-world time = 13 milliseconds), max Transaction ID 6943
2023-07-25 12:23:32,937 INFO [pool-7-thread-1] o.a.n.c.r.WriteAheadFlowFileRepository Successfully checkpointed FlowFile Repository with 5730 records in 69 milliseconds
2023-07-25 12:23:37,546 INFO [Cleanup Archive for default] o.a.n.c.repository.FileSystemRepository Successfully deleted 0 files (0 bytes) from archive
2023-07-25 12:23:37,547 INFO [Cleanup Archive for default] o.a.n.c.repository.FileSystemRepository Archive cleanup completed for container default; will now allow writing to this container. Bytes used = 207.36 GB, bytes free = 268.85 GB, capacity = 476.21 GB
2023-07-25 12:23:52,938 INFO [pool-7-thread-1] o.a.n.c.r.WriteAheadFlowFileRepository Initiating checkpoint of FlowFile Repository
2023-07-25 12:23:52,940 INFO [pool-7-thread-1] o.a.n.c.r.WriteAheadFlowFileRepository Successfully checkpointed FlowFile Repository with 5730 records in 0 milliseconds
2023-07-25 12:24:12,942 INFO [pool-7-thread-1] o.a.n.c.r.WriteAheadFlowFileRepository Initiating checkpoint of FlowFile Repository
2023-07-25 12:24:13,027 INFO [pool-7-thread-1] o.a.n.wali.SequentialAccessWriteAheadLog Checkpointed Write-Ahead Log with 5731 Records and 0 Swap Files in 83 milliseconds (Stop-the-world time = 17 milliseconds), max Transaction ID 6944
2023-07-25 12:24:13,027 INFO [pool-7-thread-1] o.a.n.c.r.WriteAheadFlowFileRepository Successfully checkpointed FlowFile Repository with 5731 records in 83 milliseconds
2023-07-25 12:24:29,515 INFO [Write-Ahead Local State Provider Maintenance] org.wali.MinimalLockingWriteAheadLog org.wali.MinimalLockingWriteAheadLog@7c4dd006 checkpointed with 5 Records and 0 Swap Files in 298 milliseconds (Stop-the-world time = 107 milliseconds, Clear Edit Logs time = 162 millis), max Transaction ID 3095
2023-07-25 12:24:33,027 INFO [pool-7-thread-1] o.a.n.c.r.WriteAheadFlowFileRepository Initiating checkpoint of FlowFile Repository
2023-07-25 12:24:33,124 INFO [pool-7-thread-1] o.a.n.wali.SequentialAccessWriteAheadLog Checkpointed Write-Ahead Log with 5732 Records and 0 Swap Files in 96 milliseconds (Stop-the-world time = 21 milliseconds), max Transaction ID 6945
2023-07-25 12:24:33,125 INFO [pool-7-thread-1] o.a.n.c.r.WriteAheadFlowFileRepository Successfully checkpointed FlowFile Repository with 5732 records in 97 milliseconds
2023-07-25 12:24:38,636 INFO [Cleanup Archive for default] o.a.n.c.repository.FileSystemRepository Successfully deleted 0 files (0 bytes) from archive
2023-07-25 12:24:38,637 INFO [Cleanup Archive for default] o.a.n.c.repository.FileSystemRepository Archive cleanup completed for container default; will now allow writing to this container. Bytes used = 207.36 GB, bytes free = 268.85 GB, capacity = 476.21 GB
2023-07-25 12:24:53,125 INFO [pool-7-thread-1] o.a.n.c.r.WriteAheadFlowFileRepository Initiating checkpoint of FlowFile Repository
2023-07-25 12:24:53,127 INFO [pool-7-thread-1] o.a.n.c.r.WriteAheadFlowFileRepository Successfully checkpointed FlowFile Repository with 5732 records in 0 milliseconds
2023-07-25 12:25:13,127 INFO [pool-7-thread-1] o.a.n.c.r.WriteAheadFlowFileRepository Initiating checkpoint of FlowFile Repository
2023-07-25 12:25:13,226 INFO [pool-7-thread-1] o.a.n.wali.SequentialAccessWriteAheadLog Checkpointed Write-Ahead Log with 5733 Records and 0 Swap Files in 98 milliseconds (Stop-the-world time = 21 milliseconds), max Transaction ID 6946
2023-07-25 12:25:13,226 INFO [pool-7-thread-1] o.a.n.c.r.WriteAheadFlowFileRepository Successfully checkpointed FlowFile Repository with 5733 records in 99 milliseconds
2023-07-25 12:25:33,227 INFO [pool-7-thread-1] o.a.n.c.r.WriteAheadFlowFileRepository Initiating checkpoint of FlowFile Repository
2023-07-25 12:25:33,308 INFO [pool-7-thread-1] o.a.n.wali.SequentialAccessWriteAheadLog Checkpointed Write-Ahead Log with 5734 Records and 0 Swap Files in 79 milliseconds (Stop-the-world time = 11 milliseconds), max Transaction ID 6947
2023-07-25 12:25:33,308 INFO [pool-7-thread-1] o.a.n.c.r.WriteAheadFlowFileRepository Successfully checkpointed FlowFile Repository with 5734 records in 79 milliseconds
2023-07-25 12:25:39,635 INFO [Cleanup Archive for default] o.a.n.c.repository.FileSystemRepository Successfully deleted 0 files (0 bytes) from archive
2023-07-25 12:25:39,636 INFO [Cleanup Archive for default] o.a.n.c.repository.FileSystemRepository Archive cleanup completed for container default; will now allow writing to this container. Bytes used = 207.36 GB, bytes free = 268.86 GB, capacity = 476.21 GB
2023-07-25 12:25:53,309 INFO [pool-7-thread-1] o.a.n.c.r.WriteAheadFlowFileRepository Initiating checkpoint of FlowFile Repository
2023-07-25 12:25:53,310 INFO [pool-7-thread-1] o.a.n.c.r.WriteAheadFlowFileRepository Successfully checkpointed FlowFile Repository with 5734 records in 0 milliseconds
2023-07-25 12:26:13,311 INFO [pool-7-thread-1] o.a.n.c.r.WriteAheadFlowFileRepository Initiating checkpoint of FlowFile Repository
2023-07-25 12:26:13,401 INFO [pool-7-thread-1] o.a.n.wali.SequentialAccessWriteAheadLog Checkpointed Write-Ahead Log with 5735 Records and 0 Swap Files in 88 milliseconds (Stop-the-world time = 23 milliseconds), max Transaction ID 6948
2023-07-25 12:26:13,401 INFO [pool-7-thread-1] o.a.n.c.r.WriteAheadFlowFileRepository Successfully checkpointed FlowFile Repository with 5735 records in 88 milliseconds
2023-07-25 12:26:29,797 INFO [Write-Ahead Local State Provider Maintenance] org.wali.MinimalLockingWriteAheadLog org.wali.MinimalLockingWriteAheadLog@7c4dd006 checkpointed with 5 Records and 0 Swap Files in 284 milliseconds (Stop-the-world time = 100 milliseconds, Clear Edit Logs time = 157 millis), max Transaction ID 3099
2023-07-25 12:26:33,401 INFO [pool-7-thread-1] o.a.n.c.r.WriteAheadFlowFileRepository Initiating checkpoint of FlowFile Repository
2023-07-25 12:26:33,486 INFO [pool-7-thread-1] o.a.n.wali.SequentialAccessWriteAheadLog Checkpointed Write-Ahead Log with 5736 Records and 0 Swap Files in 83 milliseconds (Stop-the-world time = 20 milliseconds), max Transaction ID 6949
2023-07-25 12:26:33,486 INFO [pool-7-thread-1] o.a.n.c.r.WriteAheadFlowFileRepository Successfully checkpointed FlowFile Repository with 5736 records in 84 milliseconds
2023-07-25 12:26:40,576 INFO [Cleanup Archive for default] o.a.n.c.repository.FileSystemRepository Successfully deleted 0 files (0 bytes) from archive
2023-07-25 12:26:40,577 INFO [Cleanup Archive for default] o.a.n.c.repository.FileSystemRepository Archive cleanup completed for container default; will now allow writing to this container. Bytes used = 207.36 GB, bytes free = 268.86 GB, capacity = 476.21 GB
2023-07-25 12:26:53,487 INFO [pool-7-thread-1] o.a.n.c.r.WriteAheadFlowFileRepository Initiating checkpoint of FlowFile Repository
2023-07-25 12:26:53,488 INFO [pool-7-thread-1] o.a.n.c.r.WriteAheadFlowFileRepository Successfully checkpointed FlowFile Repository with 5736 records in 0 milliseconds
2023-07-25 12:27:13,488 INFO [pool-7-thread-1] o.a.n.c.r.WriteAheadFlowFileRepository Initiating checkpoint of FlowFile Repository
2023-07-25 12:27:13,581 INFO [pool-7-thread-1] o.a.n.wali.SequentialAccessWriteAheadLog Checkpointed Write-Ahead Log with 5737 Records and 0 Swap Files in 90 milliseconds (Stop-the-world time = 23 milliseconds), max Transaction ID 6950
2023-07-25 12:27:13,581 INFO [pool-7-thread-1] o.a.n.c.r.WriteAheadFlowFileRepository Successfully checkpointed FlowFile Repository with 5737 records in 91 milliseconds
2023-07-25 12:27:33,582 INFO [pool-7-thread-1] o.a.n.c.r.WriteAheadFlowFileRepository Initiating checkpoint of FlowFile Repository
2023-07-25 12:27:33,661 INFO [pool-7-thread-1] o.a.n.wali.SequentialAccessWriteAheadLog Checkpointed Write-Ahead Log with 5738 Records and 0 Swap Files in 77 milliseconds (Stop-the-world time = 20 milliseconds), max Transaction ID 6951
2023-07-25 12:27:33,661 INFO [pool-7-thread-1] o.a.n.c.r.WriteAheadFlowFileRepository Successfully checkpointed FlowFile Repository with 5738 records in 77 milliseconds
2023-07-25 12:27:41,515 INFO [Cleanup Archive for default] o.a.n.c.repository.FileSystemRepository Successfully deleted 0 files (0 bytes) from archive
2023-07-25 12:27:41,515 INFO [Cleanup Archive for default] o.a.n.c.repository.FileSystemRepository Archive cleanup completed for container default; will now allow writing to this container. Bytes used = 207.36 GB, bytes free = 268.85 GB, capacity = 476.21 GB
2023-07-25 12:27:53,662 INFO [pool-7-thread-1] o.a.n.c.r.WriteAheadFlowFileRepository Initiating checkpoint of FlowFile Repository
2023-07-25 12:27:53,662 INFO [pool-7-thread-1] o.a.n.c.r.WriteAheadFlowFileRepository Successfully checkpointed FlowFile Repository with 5738 records in 0 milliseconds
2023-07-25 12:28:13,662 INFO [pool-7-thread-1] o.a.n.c.r.WriteAheadFlowFileRepository Initiating checkpoint of FlowFile Repository
2023-07-25 12:28:13,739 INFO [pool-7-thread-1] o.a.n.wali.SequentialAccessWriteAheadLog Checkpointed Write-Ahead Log with 5739 Records and 0 Swap Files in 74 milliseconds (Stop-the-world time = 20 milliseconds), max Transaction ID 6952
2023-07-25 12:28:13,739 INFO [pool-7-thread-1] o.a.n.c.r.WriteAheadFlowFileRepository Successfully checkpointed FlowFile Repository with 5739 records in 74 milliseconds
2023-07-25 12:28:30,073 INFO [Write-Ahead Local State Provider Maintenance] org.wali.MinimalLockingWriteAheadLog org.wali.MinimalLockingWriteAheadLog@7c4dd006 checkpointed with 5 Records and 0 Swap Files in 276 milliseconds (Stop-the-world time = 106 milliseconds, Clear Edit Logs time = 150 millis), max Transaction ID 3103
2023-07-25 12:28:33,739 INFO [pool-7-thread-1] o.a.n.c.r.WriteAheadFlowFileRepository Initiating checkpoint of FlowFile Repository
2023-07-25 12:28:33,818 INFO [pool-7-thread-1] o.a.n.wali.SequentialAccessWriteAheadLog Checkpointed Write-Ahead Log with 5740 Records and 0 Swap Files in 78 milliseconds (Stop-the-world time = 19 milliseconds), max Transaction ID 6953
2023-07-25 12:28:33,818 INFO [pool-7-thread-1] o.a.n.c.r.WriteAheadFlowFileRepository Successfully checkpointed FlowFile Repository with 5740 records in 78 milliseconds
2023-07-25 12:28:42,478 INFO [Cleanup Archive for default] o.a.n.c.repository.FileSystemRepository Successfully deleted 0 files (0 bytes) from archive
2023-07-25 12:28:42,479 INFO [Cleanup Archive for default] o.a.n.c.repository.FileSystemRepository Archive cleanup completed for container default; will now allow writing to this container. Bytes used = 207.36 GB, bytes free = 268.86 GB, capacity = 476.21 GB
2023-07-25 12:28:53,819 INFO [pool-7-thread-1] o.a.n.c.r.WriteAheadFlowFileRepository Initiating checkpoint of FlowFile Repository
2023-07-25 12:28:53,820 INFO [pool-7-thread-1] o.a.n.c.r.WriteAheadFlowFileRepository Successfully checkpointed FlowFile Repository with 5740 records in 0 milliseconds
2023-07-25 12:29:13,820 INFO [pool-7-thread-1] o.a.n.c.r.WriteAheadFlowFileRepository Initiating checkpoint of FlowFile Repository
2023-07-25 12:29:13,902 INFO [pool-7-thread-1] o.a.n.wali.SequentialAccessWriteAheadLog Checkpointed Write-Ahead Log with 5741 Records and 0 Swap Files in 80 milliseconds (Stop-the-world time = 19 milliseconds), max Transaction ID 6954
2023-07-25 12:29:13,902 INFO [pool-7-thread-1] o.a.n.c.r.WriteAheadFlowFileRepository Successfully checkpointed FlowFile Repository with 5741 records in 81 milliseconds
2023-07-25 12:29:33,903 INFO [pool-7-thread-1] o.a.n.c.r.WriteAheadFlowFileRepository Initiating checkpoint of FlowFile Repository
2023-07-25 12:29:33,995 INFO [pool-7-thread-1] o.a.n.wali.SequentialAccessWriteAheadLog Checkpointed Write-Ahead Log with 5742 Records and 0 Swap Files in 91 milliseconds (Stop-the-world time = 25 milliseconds), max Transaction ID 6955
2023-07-25 12:29:33,996 INFO [pool-7-thread-1] o.a.n.c.r.WriteAheadFlowFileRepository Successfully checkpointed FlowFile Repository with 5742 records in 91 milliseconds
2023-07-25 12:29:43,330 INFO [Cleanup Archive for default] o.a.n.c.repository.FileSystemRepository Successfully deleted 0 files (0 bytes) from archive
2023-07-25 12:29:43,331 INFO [Cleanup Archive for default] o.a.n.c.repository.FileSystemRepository Archive cleanup completed for container default; will now allow writing to this container. Bytes used = 207.36 GB, bytes free = 268.86 GB, capacity = 476.21 GB
2023-07-25 12:29:53,996 INFO [pool-7-thread-1] o.a.n.c.r.WriteAheadFlowFileRepository Initiating checkpoint of FlowFile Repository
2023-07-25 12:29:53,998 INFO [pool-7-thread-1] o.a.n.c.r.WriteAheadFlowFileRepository Successfully checkpointed FlowFile Repository with 5742 records in 0 milliseconds
2023-07-25 12:30:13,999 INFO [pool-7-thread-1] o.a.n.c.r.WriteAheadFlowFileRepository Initiating checkpoint of FlowFile Repository
2023-07-25 12:30:14,078 INFO [pool-7-thread-1] o.a.n.wali.SequentialAccessWriteAheadLog Checkpointed Write-Ahead Log with 5743 Records and 0 Swap Files in 78 milliseconds (Stop-the-world time = 15 milliseconds), max Transaction ID 6956
2023-07-25 12:30:14,079 INFO [pool-7-thread-1] o.a.n.c.r.WriteAheadFlowFileRepository Successfully checkpointed FlowFile Repository with 5743 records in 78 milliseconds
2023-07-25 12:30:26,773 INFO [Timer-Driven Process Thread-3] o.a.n.p.store.WriteAheadStorePartition Successfully rolled over Event Writer for Provenance Event Store Partition[directory=./provenance_repository] due to MAX_TIME_REACHED. Event File was 21.91 KB and contained 20 events.
2023-07-25 12:30:30,371 INFO [Write-Ahead Local State Provider Maintenance] org.wali.MinimalLockingWriteAheadLog org.wali.MinimalLockingWriteAheadLog@7c4dd006 checkpointed with 5 Records and 0 Swap Files in 298 milliseconds (Stop-the-world time = 112 milliseconds, Clear Edit Logs time = 157 millis), max Transaction ID 3107
2023-07-25 12:30:34,079 INFO [pool-7-thread-1] o.a.n.c.r.WriteAheadFlowFileRepository Initiating checkpoint of FlowFile Repository
2023-07-25 12:30:34,166 INFO [pool-7-thread-1] o.a.n.wali.SequentialAccessWriteAheadLog Checkpointed Write-Ahead Log with 5744 Records and 0 Swap Files in 86 milliseconds (Stop-the-world time = 20 milliseconds), max Transaction ID 6957
2023-07-25 12:30:34,166 INFO [pool-7-thread-1] o.a.n.c.r.WriteAheadFlowFileRepository Successfully checkpointed FlowFile Repository with 5744 records in 86 milliseconds
2023-07-25 12:30:44,203 INFO [Cleanup Archive for default] o.a.n.c.repository.FileSystemRepository Successfully deleted 0 files (0 bytes) from archive
2023-07-25 12:30:44,204 INFO [Cleanup Archive for default] o.a.n.c.repository.FileSystemRepository Archive cleanup completed for container default; will now allow writing to this container. Bytes used = 207.36 GB, bytes free = 268.86 GB, capacity = 476.21 GB
2023-07-25 12:30:54,167 INFO [pool-7-thread-1] o.a.n.c.r.WriteAheadFlowFileRepository Initiating checkpoint of FlowFile Repository
2023-07-25 12:30:54,167 INFO [pool-7-thread-1] o.a.n.c.r.WriteAheadFlowFileRepository Successfully checkpointed FlowFile Repository with 5744 records in 0 milliseconds
2023-07-25 12:31:14,168 INFO [pool-7-thread-1] o.a.n.c.r.WriteAheadFlowFileRepository Initiating checkpoint of FlowFile Repository
2023-07-25 12:31:14,255 INFO [pool-7-thread-1] o.a.n.wali.SequentialAccessWriteAheadLog Checkpointed Write-Ahead Log with 5745 Records and 0 Swap Files in 85 milliseconds (Stop-the-world time = 23 milliseconds), max Transaction ID 6958
2023-07-25 12:31:14,255 INFO [pool-7-thread-1] o.a.n.c.r.WriteAheadFlowFileRepository Successfully checkpointed FlowFile Repository with 5745 records in 85 milliseconds
2023-07-25 12:31:34,256 INFO [pool-7-thread-1] o.a.n.c.r.WriteAheadFlowFileRepository Initiating checkpoint of FlowFile Repository
2023-07-25 12:31:34,347 INFO [pool-7-thread-1] o.a.n.wali.SequentialAccessWriteAheadLog Checkpointed Write-Ahead Log with 5746 Records and 0 Swap Files in 90 milliseconds (Stop-the-world time = 24 milliseconds), max Transaction ID 6959
2023-07-25 12:31:34,348 INFO [pool-7-thread-1] o.a.n.c.r.WriteAheadFlowFileRepository Successfully checkpointed FlowFile Repository with 5746 records in 90 milliseconds
2023-07-25 12:31:45,041 INFO [Cleanup Archive for default] o.a.n.c.repository.FileSystemRepository Successfully deleted 0 files (0 bytes) from archive
2023-07-25 12:31:45,042 INFO [Cleanup Archive for default] o.a.n.c.repository.FileSystemRepository Archive cleanup completed for container default; will now allow writing to this container. Bytes used = 207.36 GB, bytes free = 268.85 GB, capacity = 476.21 GB
2023-07-25 12:31:54,348 INFO [pool-7-thread-1] o.a.n.c.r.WriteAheadFlowFileRepository Initiating checkpoint of FlowFile Repository
2023-07-25 12:31:54,349 INFO [pool-7-thread-1] o.a.n.c.r.WriteAheadFlowFileRepository Successfully checkpointed FlowFile Repository with 5746 records in 0 milliseconds
2023-07-25 12:32:14,351 INFO [pool-7-thread-1] o.a.n.c.r.WriteAheadFlowFileRepository Initiating checkpoint of FlowFile Repository
2023-07-25 12:32:14,441 INFO [pool-7-thread-1] o.a.n.wali.SequentialAccessWriteAheadLog Checkpointed Write-Ahead Log with 5747 Records and 0 Swap Files in 88 milliseconds (Stop-the-world time = 22 milliseconds), max Transaction ID 6960
2023-07-25 12:32:14,442 INFO [pool-7-thread-1] o.a.n.c.r.WriteAheadFlowFileRepository Successfully checkpointed FlowFile Repository with 5747 records in 88 milliseconds
2023-07-25 12:32:30,653 INFO [Write-Ahead Local State Provider Maintenance] org.wali.MinimalLockingWriteAheadLog org.wali.MinimalLockingWriteAheadLog@7c4dd006 checkpointed with 5 Records and 0 Swap Files in 280 milliseconds (Stop-the-world time = 100 milliseconds, Clear Edit Logs time = 153 millis), max Transaction ID 3111
2023-07-25 12:32:34,442 INFO [pool-7-thread-1] o.a.n.c.r.WriteAheadFlowFileRepository Initiating checkpoint of FlowFile Repository
2023-07-25 12:32:34,528 INFO [pool-7-thread-1] o.a.n.wali.SequentialAccessWriteAheadLog Checkpointed Write-Ahead Log with 5748 Records and 0 Swap Files in 85 milliseconds (Stop-the-world time = 20 milliseconds), max Transaction ID 6961
2023-07-25 12:32:34,528 INFO [pool-7-thread-1] o.a.n.c.r.WriteAheadFlowFileRepository Successfully checkpointed FlowFile Repository with 5748 records in 85 milliseconds
2023-07-25 12:32:46,017 INFO [Cleanup Archive for default] o.a.n.c.repository.FileSystemRepository Successfully deleted 0 files (0 bytes) from archive
2023-07-25 12:32:46,018 INFO [Cleanup Archive for default] o.a.n.c.repository.FileSystemRepository Archive cleanup completed for container default; will now allow writing to this container. Bytes used = 207.37 GB, bytes free = 268.84 GB, capacity = 476.21 GB
2023-07-25 12:32:54,528 INFO [pool-7-thread-1] o.a.n.c.r.WriteAheadFlowFileRepository Initiating checkpoint of FlowFile Repository
2023-07-25 12:32:54,529 INFO [pool-7-thread-1] o.a.n.c.r.WriteAheadFlowFileRepository Successfully checkpointed FlowFile Repository with 5748 records in 0 milliseconds
2023-07-25 12:33:14,530 INFO [pool-7-thread-1] o.a.n.c.r.WriteAheadFlowFileRepository Initiating checkpoint of FlowFile Repository
2023-07-25 12:33:14,615 INFO [pool-7-thread-1] o.a.n.wali.SequentialAccessWriteAheadLog Checkpointed Write-Ahead Log with 5749 Records and 0 Swap Files in 82 milliseconds (Stop-the-world time = 22 milliseconds), max Transaction ID 6962
2023-07-25 12:33:14,616 INFO [pool-7-thread-1] o.a.n.c.r.WriteAheadFlowFileRepository Successfully checkpointed FlowFile Repository with 5749 records in 82 milliseconds
2023-07-25 12:33:34,616 INFO [pool-7-thread-1] o.a.n.c.r.WriteAheadFlowFileRepository Initiating checkpoint of FlowFile Repository
2023-07-25 12:33:34,696 INFO [pool-7-thread-1] o.a.n.wali.SequentialAccessWriteAheadLog Checkpointed Write-Ahead Log with 5750 Records and 0 Swap Files in 77 milliseconds (Stop-the-world time = 19 milliseconds), max Transaction ID 6963
2023-07-25 12:33:34,696 INFO [pool-7-thread-1] o.a.n.c.r.WriteAheadFlowFileRepository Successfully checkpointed FlowFile Repository with 5750 records in 78 milliseconds
2023-07-25 12:33:46,923 INFO [Cleanup Archive for default] o.a.n.c.repository.FileSystemRepository Successfully deleted 0 files (0 bytes) from archive
2023-07-25 12:33:46,924 INFO [Cleanup Archive for default] o.a.n.c.repository.FileSystemRepository Archive cleanup completed for container default; will now allow writing to this container. Bytes used = 207.38 GB, bytes free = 268.83 GB, capacity = 476.21 GB
2023-07-25 12:33:54,696 INFO [pool-7-thread-1] o.a.n.c.r.WriteAheadFlowFileRepository Initiating checkpoint of FlowFile Repository
2023-07-25 12:33:54,697 INFO [pool-7-thread-1] o.a.n.c.r.WriteAheadFlowFileRepository Successfully checkpointed FlowFile Repository with 5750 records in 0 milliseconds
2023-07-25 12:34:14,698 INFO [pool-7-thread-1] o.a.n.c.r.WriteAheadFlowFileRepository Initiating checkpoint of FlowFile Repository
2023-07-25 12:34:14,782 INFO [pool-7-thread-1] o.a.n.wali.SequentialAccessWriteAheadLog Checkpointed Write-Ahead Log with 5751 Records and 0 Swap Files in 83 milliseconds (Stop-the-world time = 23 milliseconds), max Transaction ID 6964
2023-07-25 12:34:14,783 INFO [pool-7-thread-1] o.a.n.c.r.WriteAheadFlowFileRepository Successfully checkpointed FlowFile Repository with 5751 records in 83 milliseconds
2023-07-25 12:34:30,949 INFO [Write-Ahead Local State Provider Maintenance] org.wali.MinimalLockingWriteAheadLog org.wali.MinimalLockingWriteAheadLog@7c4dd006 checkpointed with 5 Records and 0 Swap Files in 295 milliseconds (Stop-the-world time = 102 milliseconds, Clear Edit Logs time = 167 millis), max Transaction ID 3115
2023-07-25 12:34:34,784 INFO [pool-7-thread-1] o.a.n.c.r.WriteAheadFlowFileRepository Initiating checkpoint of FlowFile Repository
2023-07-25 12:34:34,851 INFO [pool-7-thread-1] o.a.n.wali.SequentialAccessWriteAheadLog Checkpointed Write-Ahead Log with 5752 Records and 0 Swap Files in 66 milliseconds (Stop-the-world time = 11 milliseconds), max Transaction ID 6965
2023-07-25 12:34:34,852 INFO [pool-7-thread-1] o.a.n.c.r.WriteAheadFlowFileRepository Successfully checkpointed FlowFile Repository with 5752 records in 67 milliseconds
2023-07-25 12:34:47,855 INFO [Cleanup Archive for default] o.a.n.c.repository.FileSystemRepository Successfully deleted 0 files (0 bytes) from archive
2023-07-25 12:34:47,856 INFO [Cleanup Archive for default] o.a.n.c.repository.FileSystemRepository Archive cleanup completed for container default; will now allow writing to this container. Bytes used = 207.38 GB, bytes free = 268.83 GB, capacity = 476.21 GB
2023-07-25 12:34:54,852 INFO [pool-7-thread-1] o.a.n.c.r.WriteAheadFlowFileRepository Initiating checkpoint of FlowFile Repository
2023-07-25 12:34:54,853 INFO [pool-7-thread-1] o.a.n.c.r.WriteAheadFlowFileRepository Successfully checkpointed FlowFile Repository with 5752 records in 0 milliseconds
2023-07-25 12:35:14,853 INFO [pool-7-thread-1] o.a.n.c.r.WriteAheadFlowFileRepository Initiating checkpoint of FlowFile Repository
2023-07-25 12:35:14,927 INFO [pool-7-thread-1] o.a.n.wali.SequentialAccessWriteAheadLog Checkpointed Write-Ahead Log with 5753 Records and 0 Swap Files in 72 milliseconds (Stop-the-world time = 14 milliseconds), max Transaction ID 6966
2023-07-25 12:35:14,927 INFO [pool-7-thread-1] o.a.n.c.r.WriteAheadFlowFileRepository Successfully checkpointed FlowFile Repository with 5753 records in 72 milliseconds
2023-07-25 12:35:34,928 INFO [pool-7-thread-1] o.a.n.c.r.WriteAheadFlowFileRepository Initiating checkpoint of FlowFile Repository
2023-07-25 12:35:35,014 INFO [pool-7-thread-1] o.a.n.wali.SequentialAccessWriteAheadLog Checkpointed Write-Ahead Log with 5754 Records and 0 Swap Files in 84 milliseconds (Stop-the-world time = 20 milliseconds), max Transaction ID 6967
2023-07-25 12:35:35,014 INFO [pool-7-thread-1] o.a.n.c.r.WriteAheadFlowFileRepository Successfully checkpointed FlowFile Repository with 5754 records in 84 milliseconds
2023-07-25 12:35:48,861 INFO [Cleanup Archive for default] o.a.n.c.repository.FileSystemRepository Successfully deleted 0 files (0 bytes) from archive
2023-07-25 12:35:48,862 INFO [Cleanup Archive for default] o.a.n.c.repository.FileSystemRepository Archive cleanup completed for container default; will now allow writing to this container. Bytes used = 207.38 GB, bytes free = 268.83 GB, capacity = 476.21 GB
2023-07-25 12:35:55,015 INFO [pool-7-thread-1] o.a.n.c.r.WriteAheadFlowFileRepository Initiating checkpoint of FlowFile Repository
2023-07-25 12:35:55,016 INFO [pool-7-thread-1] o.a.n.c.r.WriteAheadFlowFileRepository Successfully checkpointed FlowFile Repository with 5754 records in 0 milliseconds
2023-07-25 12:36:15,016 INFO [pool-7-thread-1] o.a.n.c.r.WriteAheadFlowFileRepository Initiating checkpoint of FlowFile Repository
2023-07-25 12:36:15,109 INFO [pool-7-thread-1] o.a.n.wali.SequentialAccessWriteAheadLog Checkpointed Write-Ahead Log with 5755 Records and 0 Swap Files in 91 milliseconds (Stop-the-world time = 20 milliseconds), max Transaction ID 6968
2023-07-25 12:36:15,109 INFO [pool-7-thread-1] o.a.n.c.r.WriteAheadFlowFileRepository Successfully checkpointed FlowFile Repository with 5755 records in 91 milliseconds
2023-07-25 12:36:31,236 INFO [Write-Ahead Local State Provider Maintenance] org.wali.MinimalLockingWriteAheadLog org.wali.MinimalLockingWriteAheadLog@7c4dd006 checkpointed with 5 Records and 0 Swap Files in 287 milliseconds (Stop-the-world time = 107 milliseconds, Clear Edit Logs time = 152 millis), max Transaction ID 3119
2023-07-25 12:36:35,109 INFO [pool-7-thread-1] o.a.n.c.r.WriteAheadFlowFileRepository Initiating checkpoint of FlowFile Repository
2023-07-25 12:36:35,201 INFO [pool-7-thread-1] o.a.n.wali.SequentialAccessWriteAheadLog Checkpointed Write-Ahead Log with 5756 Records and 0 Swap Files in 90 milliseconds (Stop-the-world time = 25 milliseconds), max Transaction ID 6969
2023-07-25 12:36:35,201 INFO [pool-7-thread-1] o.a.n.c.r.WriteAheadFlowFileRepository Successfully checkpointed FlowFile Repository with 5756 records in 91 milliseconds
2023-07-25 12:36:49,792 INFO [Cleanup Archive for default] o.a.n.c.repository.FileSystemRepository Successfully deleted 0 files (0 bytes) from archive
2023-07-25 12:36:49,793 INFO [Cleanup Archive for default] o.a.n.c.repository.FileSystemRepository Archive cleanup completed for container default; will now allow writing to this container. Bytes used = 207.39 GB, bytes free = 268.83 GB, capacity = 476.21 GB
2023-07-25 12:36:55,201 INFO [pool-7-thread-1] o.a.n.c.r.WriteAheadFlowFileRepository Initiating checkpoint of FlowFile Repository
2023-07-25 12:36:55,202 INFO [pool-7-thread-1] o.a.n.c.r.WriteAheadFlowFileRepository Successfully checkpointed FlowFile Repository with 5756 records in 0 milliseconds
2023-07-25 12:37:15,203 INFO [pool-7-thread-1] o.a.n.c.r.WriteAheadFlowFileRepository Initiating checkpoint of FlowFile Repository
2023-07-25 12:37:15,297 INFO [pool-7-thread-1] o.a.n.wali.SequentialAccessWriteAheadLog Checkpointed Write-Ahead Log with 5757 Records and 0 Swap Files in 93 milliseconds (Stop-the-world time = 29 milliseconds), max Transaction ID 6970
2023-07-25 12:37:15,298 INFO [pool-7-thread-1] o.a.n.c.r.WriteAheadFlowFileRepository Successfully checkpointed FlowFile Repository with 5757 records in 93 milliseconds
2023-07-25 12:37:35,298 INFO [pool-7-thread-1] o.a.n.c.r.WriteAheadFlowFileRepository Initiating checkpoint of FlowFile Repository
2023-07-25 12:37:35,389 INFO [pool-7-thread-1] o.a.n.wali.SequentialAccessWriteAheadLog Checkpointed Write-Ahead Log with 5758 Records and 0 Swap Files in 89 milliseconds (Stop-the-world time = 28 milliseconds), max Transaction ID 6971
2023-07-25 12:37:35,390 INFO [pool-7-thread-1] o.a.n.c.r.WriteAheadFlowFileRepository Successfully checkpointed FlowFile Repository with 5758 records in 89 milliseconds
2023-07-25 12:37:50,647 INFO [Cleanup Archive for default] o.a.n.c.repository.FileSystemRepository Successfully deleted 0 files (0 bytes) from archive
2023-07-25 12:37:50,648 INFO [Cleanup Archive for default] o.a.n.c.repository.FileSystemRepository Archive cleanup completed for container default; will now allow writing to this container. Bytes used = 207.39 GB, bytes free = 268.83 GB, capacity = 476.21 GB
2023-07-25 12:37:55,390 INFO [pool-7-thread-1] o.a.n.c.r.WriteAheadFlowFileRepository Initiating checkpoint of FlowFile Repository
2023-07-25 12:37:55,391 INFO [pool-7-thread-1] o.a.n.c.r.WriteAheadFlowFileRepository Successfully checkpointed FlowFile Repository with 5758 records in 0 milliseconds
2023-07-25 12:38:15,392 INFO [pool-7-thread-1] o.a.n.c.r.WriteAheadFlowFileRepository Initiating checkpoint of FlowFile Repository
2023-07-25 12:38:15,485 INFO [pool-7-thread-1] o.a.n.wali.SequentialAccessWriteAheadLog Checkpointed Write-Ahead Log with 5759 Records and 0 Swap Files in 91 milliseconds (Stop-the-world time = 25 milliseconds), max Transaction ID 6972
2023-07-25 12:38:15,485 INFO [pool-7-thread-1] o.a.n.c.r.WriteAheadFlowFileRepository Successfully checkpointed FlowFile Repository with 5759 records in 91 milliseconds
2023-07-25 12:38:31,549 INFO [Write-Ahead Local State Provider Maintenance] org.wali.MinimalLockingWriteAheadLog org.wali.MinimalLockingWriteAheadLog@7c4dd006 checkpointed with 5 Records and 0 Swap Files in 312 milliseconds (Stop-the-world time = 121 milliseconds, Clear Edit Logs time = 173 millis), max Transaction ID 3123
2023-07-25 12:38:35,486 INFO [pool-7-thread-1] o.a.n.c.r.WriteAheadFlowFileRepository Initiating checkpoint of FlowFile Repository
2023-07-25 12:38:35,572 INFO [pool-7-thread-1] o.a.n.wali.SequentialAccessWriteAheadLog Checkpointed Write-Ahead Log with 5760 Records and 0 Swap Files in 85 milliseconds (Stop-the-world time = 20 milliseconds), max Transaction ID 6973
2023-07-25 12:38:35,572 INFO [pool-7-thread-1] o.a.n.c.r.WriteAheadFlowFileRepository Successfully checkpointed FlowFile Repository with 5760 records in 85 milliseconds
2023-07-25 12:38:51,606 INFO [Cleanup Archive for default] o.a.n.c.repository.FileSystemRepository Successfully deleted 0 files (0 bytes) from archive
2023-07-25 12:38:51,607 INFO [Cleanup Archive for default] o.a.n.c.repository.FileSystemRepository Archive cleanup completed for container default; will now allow writing to this container. Bytes used = 207.39 GB, bytes free = 268.82 GB, capacity = 476.21 GB
2023-07-25 12:38:55,573 INFO [pool-7-thread-1] o.a.n.c.r.WriteAheadFlowFileRepository Initiating checkpoint of FlowFile Repository
2023-07-25 12:38:55,573 INFO [pool-7-thread-1] o.a.n.c.r.WriteAheadFlowFileRepository Successfully checkpointed FlowFile Repository with 5760 records in 0 milliseconds
2023-07-25 12:39:15,574 INFO [pool-7-thread-1] o.a.n.c.r.WriteAheadFlowFileRepository Initiating checkpoint of FlowFile Repository
2023-07-25 12:39:15,655 INFO [pool-7-thread-1] o.a.n.wali.SequentialAccessWriteAheadLog Checkpointed Write-Ahead Log with 5761 Records and 0 Swap Files in 80 milliseconds (Stop-the-world time = 14 milliseconds), max Transaction ID 6974
2023-07-25 12:39:15,655 INFO [pool-7-thread-1] o.a.n.c.r.WriteAheadFlowFileRepository Successfully checkpointed FlowFile Repository with 5761 records in 80 milliseconds
2023-07-25 12:39:35,655 INFO [pool-7-thread-1] o.a.n.c.r.WriteAheadFlowFileRepository Initiating checkpoint of FlowFile Repository
2023-07-25 12:39:35,735 INFO [pool-7-thread-1] o.a.n.wali.SequentialAccessWriteAheadLog Checkpointed Write-Ahead Log with 5762 Records and 0 Swap Files in 79 milliseconds (Stop-the-world time = 11 milliseconds), max Transaction ID 6975
2023-07-25 12:39:35,736 INFO [pool-7-thread-1] o.a.n.c.r.WriteAheadFlowFileRepository Successfully checkpointed FlowFile Repository with 5762 records in 79 milliseconds
2023-07-25 12:39:52,519 INFO [Cleanup Archive for default] o.a.n.c.repository.FileSystemRepository Successfully deleted 0 files (0 bytes) from archive
2023-07-25 12:39:52,520 INFO [Cleanup Archive for default] o.a.n.c.repository.FileSystemRepository Archive cleanup completed for container default; will now allow writing to this container. Bytes used = 207.39 GB, bytes free = 268.83 GB, capacity = 476.21 GB
2023-07-25 12:39:55,736 INFO [pool-7-thread-1] o.a.n.c.r.WriteAheadFlowFileRepository Initiating checkpoint of FlowFile Repository
2023-07-25 12:39:55,737 INFO [pool-7-thread-1] o.a.n.c.r.WriteAheadFlowFileRepository Successfully checkpointed FlowFile Repository with 5762 records in 0 milliseconds
2023-07-25 12:40:15,738 INFO [pool-7-thread-1] o.a.n.c.r.WriteAheadFlowFileRepository Initiating checkpoint of FlowFile Repository
2023-07-25 12:40:15,825 INFO [pool-7-thread-1] o.a.n.wali.SequentialAccessWriteAheadLog Checkpointed Write-Ahead Log with 5763 Records and 0 Swap Files in 85 milliseconds (Stop-the-world time = 20 milliseconds), max Transaction ID 6976
2023-07-25 12:40:15,825 INFO [pool-7-thread-1] o.a.n.c.r.WriteAheadFlowFileRepository Successfully checkpointed FlowFile Repository with 5763 records in 86 milliseconds
2023-07-25 12:40:26,956 INFO [Timer-Driven Process Thread-1] o.a.n.p.store.WriteAheadStorePartition Successfully rolled over Event Writer for Provenance Event Store Partition[directory=./provenance_repository] due to MAX_TIME_REACHED. Event File was 21.91 KB and contained 20 events.
2023-07-25 12:40:31,842 INFO [Write-Ahead Local State Provider Maintenance] org.wali.MinimalLockingWriteAheadLog org.wali.MinimalLockingWriteAheadLog@7c4dd006 checkpointed with 5 Records and 0 Swap Files in 293 milliseconds (Stop-the-world time = 103 milliseconds, Clear Edit Logs time = 160 millis), max Transaction ID 3127
2023-07-25 12:40:35,826 INFO [pool-7-thread-1] o.a.n.c.r.WriteAheadFlowFileRepository Initiating checkpoint of FlowFile Repository
2023-07-25 12:40:35,911 INFO [pool-7-thread-1] o.a.n.wali.SequentialAccessWriteAheadLog Checkpointed Write-Ahead Log with 5764 Records and 0 Swap Files in 84 milliseconds (Stop-the-world time = 20 milliseconds), max Transaction ID 6977
2023-07-25 12:40:35,911 INFO [pool-7-thread-1] o.a.n.c.r.WriteAheadFlowFileRepository Successfully checkpointed FlowFile Repository with 5764 records in 84 milliseconds
2023-07-25 12:40:53,506 INFO [Cleanup Archive for default] o.a.n.c.repository.FileSystemRepository Successfully deleted 0 files (0 bytes) from archive
2023-07-25 12:40:53,507 INFO [Cleanup Archive for default] o.a.n.c.repository.FileSystemRepository Archive cleanup completed for container default; will now allow writing to this container. Bytes used = 207.39 GB, bytes free = 268.83 GB, capacity = 476.21 GB
2023-07-25 12:40:55,912 INFO [pool-7-thread-1] o.a.n.c.r.WriteAheadFlowFileRepository Initiating checkpoint of FlowFile Repository
2023-07-25 12:40:55,912 INFO [pool-7-thread-1] o.a.n.c.r.WriteAheadFlowFileRepository Successfully checkpointed FlowFile Repository with 5764 records in 0 milliseconds
2023-07-25 12:41:15,913 INFO [pool-7-thread-1] o.a.n.c.r.WriteAheadFlowFileRepository Initiating checkpoint of FlowFile Repository
2023-07-25 12:41:16,000 INFO [pool-7-thread-1] o.a.n.wali.SequentialAccessWriteAheadLog Checkpointed Write-Ahead Log with 5765 Records and 0 Swap Files in 85 milliseconds (Stop-the-world time = 22 milliseconds), max Transaction ID 6978
2023-07-25 12:41:16,001 INFO [pool-7-thread-1] o.a.n.c.r.WriteAheadFlowFileRepository Successfully checkpointed FlowFile Repository with 5765 records in 85 milliseconds
2023-07-25 12:41:36,001 INFO [pool-7-thread-1] o.a.n.c.r.WriteAheadFlowFileRepository Initiating checkpoint of FlowFile Repository
2023-07-25 12:41:36,090 INFO [pool-7-thread-1] o.a.n.wali.SequentialAccessWriteAheadLog Checkpointed Write-Ahead Log with 5766 Records and 0 Swap Files in 87 milliseconds (Stop-the-world time = 21 milliseconds), max Transaction ID 6979
2023-07-25 12:41:36,091 INFO [pool-7-thread-1] o.a.n.c.r.WriteAheadFlowFileRepository Successfully checkpointed FlowFile Repository with 5766 records in 87 milliseconds
2023-07-25 12:41:54,468 INFO [Cleanup Archive for default] o.a.n.c.repository.FileSystemRepository Successfully deleted 0 files (0 bytes) from archive
2023-07-25 12:41:54,468 INFO [Cleanup Archive for default] o.a.n.c.repository.FileSystemRepository Archive cleanup completed for container default; will now allow writing to this container. Bytes used = 207.39 GB, bytes free = 268.82 GB, capacity = 476.21 GB
2023-07-25 12:41:56,091 INFO [pool-7-thread-1] o.a.n.c.r.WriteAheadFlowFileRepository Initiating checkpoint of FlowFile Repository
2023-07-25 12:41:56,092 INFO [pool-7-thread-1] o.a.n.c.r.WriteAheadFlowFileRepository Successfully checkpointed FlowFile Repository with 5766 records in 0 milliseconds
2023-07-25 12:42:16,093 INFO [pool-7-thread-1] o.a.n.c.r.WriteAheadFlowFileRepository Initiating checkpoint of FlowFile Repository
2023-07-25 12:42:16,186 INFO [pool-7-thread-1] o.a.n.wali.SequentialAccessWriteAheadLog Checkpointed Write-Ahead Log with 5767 Records and 0 Swap Files in 91 milliseconds (Stop-the-world time = 24 milliseconds), max Transaction ID 6980
2023-07-25 12:42:16,186 INFO [pool-7-thread-1] o.a.n.c.r.WriteAheadFlowFileRepository Successfully checkpointed FlowFile Repository with 5767 records in 91 milliseconds
2023-07-25 12:42:32,128 INFO [Write-Ahead Local State Provider Maintenance] org.wali.MinimalLockingWriteAheadLog org.wali.MinimalLockingWriteAheadLog@7c4dd006 checkpointed with 5 Records and 0 Swap Files in 285 milliseconds (Stop-the-world time = 103 milliseconds, Clear Edit Logs time = 152 millis), max Transaction ID 3131
2023-07-25 12:42:36,187 INFO [pool-7-thread-1] o.a.n.c.r.WriteAheadFlowFileRepository Initiating checkpoint of FlowFile Repository
2023-07-25 12:42:36,269 INFO [pool-7-thread-1] o.a.n.wali.SequentialAccessWriteAheadLog Checkpointed Write-Ahead Log with 5768 Records and 0 Swap Files in 81 milliseconds (Stop-the-world time = 22 milliseconds), max Transaction ID 6981
2023-07-25 12:42:36,269 INFO [pool-7-thread-1] o.a.n.c.r.WriteAheadFlowFileRepository Successfully checkpointed FlowFile Repository with 5768 records in 81 milliseconds
2023-07-25 12:42:55,368 INFO [Cleanup Archive for default] o.a.n.c.repository.FileSystemRepository Successfully deleted 0 files (0 bytes) from archive
2023-07-25 12:42:55,369 INFO [Cleanup Archive for default] o.a.n.c.repository.FileSystemRepository Archive cleanup completed for container default; will now allow writing to this container. Bytes used = 207.37 GB, bytes free = 268.85 GB, capacity = 476.21 GB
2023-07-25 12:42:56,270 INFO [pool-7-thread-1] o.a.n.c.r.WriteAheadFlowFileRepository Initiating checkpoint of FlowFile Repository
2023-07-25 12:42:56,270 INFO [pool-7-thread-1] o.a.n.c.r.WriteAheadFlowFileRepository Successfully checkpointed FlowFile Repository with 5768 records in 0 milliseconds
2023-07-25 12:43:16,271 INFO [pool-7-thread-1] o.a.n.c.r.WriteAheadFlowFileRepository Initiating checkpoint of FlowFile Repository
2023-07-25 12:43:16,346 INFO [pool-7-thread-1] o.a.n.wali.SequentialAccessWriteAheadLog Checkpointed Write-Ahead Log with 5769 Records and 0 Swap Files in 73 milliseconds (Stop-the-world time = 18 milliseconds), max Transaction ID 6982
2023-07-25 12:43:16,346 INFO [pool-7-thread-1] o.a.n.c.r.WriteAheadFlowFileRepository Successfully checkpointed FlowFile Repository with 5769 records in 74 milliseconds
2023-07-25 12:43:36,346 INFO [pool-7-thread-1] o.a.n.c.r.WriteAheadFlowFileRepository Initiating checkpoint of FlowFile Repository
2023-07-25 12:43:36,431 INFO [pool-7-thread-1] o.a.n.wali.SequentialAccessWriteAheadLog Checkpointed Write-Ahead Log with 5770 Records and 0 Swap Files in 83 milliseconds (Stop-the-world time = 26 milliseconds), max Transaction ID 6983
2023-07-25 12:43:36,431 INFO [pool-7-thread-1] o.a.n.c.r.WriteAheadFlowFileRepository Successfully checkpointed FlowFile Repository with 5770 records in 83 milliseconds
2023-07-25 12:43:56,338 INFO [Cleanup Archive for default] o.a.n.c.repository.FileSystemRepository Successfully deleted 0 files (0 bytes) from archive
2023-07-25 12:43:56,339 INFO [Cleanup Archive for default] o.a.n.c.repository.FileSystemRepository Archive cleanup completed for container default; will now allow writing to this container. Bytes used = 207.37 GB, bytes free = 268.85 GB, capacity = 476.21 GB
2023-07-25 12:43:56,431 INFO [pool-7-thread-1] o.a.n.c.r.WriteAheadFlowFileRepository Initiating checkpoint of FlowFile Repository
2023-07-25 12:43:56,433 INFO [pool-7-thread-1] o.a.n.c.r.WriteAheadFlowFileRepository Successfully checkpointed FlowFile Repository with 5770 records in 0 milliseconds
2023-07-25 12:44:16,434 INFO [pool-7-thread-1] o.a.n.c.r.WriteAheadFlowFileRepository Initiating checkpoint of FlowFile Repository
2023-07-25 12:44:16,524 INFO [pool-7-thread-1] o.a.n.wali.SequentialAccessWriteAheadLog Checkpointed Write-Ahead Log with 5771 Records and 0 Swap Files in 87 milliseconds (Stop-the-world time = 21 milliseconds), max Transaction ID 6984
2023-07-25 12:44:16,524 INFO [pool-7-thread-1] o.a.n.c.r.WriteAheadFlowFileRepository Successfully checkpointed FlowFile Repository with 5771 records in 88 milliseconds
2023-07-25 12:44:32,438 INFO [Write-Ahead Local State Provider Maintenance] org.wali.MinimalLockingWriteAheadLog org.wali.MinimalLockingWriteAheadLog@7c4dd006 checkpointed with 5 Records and 0 Swap Files in 309 milliseconds (Stop-the-world time = 116 milliseconds, Clear Edit Logs time = 167 millis), max Transaction ID 3135
2023-07-25 12:44:36,525 INFO [pool-7-thread-1] o.a.n.c.r.WriteAheadFlowFileRepository Initiating checkpoint of FlowFile Repository
2023-07-25 12:44:36,609 INFO [pool-7-thread-1] o.a.n.wali.SequentialAccessWriteAheadLog Checkpointed Write-Ahead Log with 5772 Records and 0 Swap Files in 83 milliseconds (Stop-the-world time = 19 milliseconds), max Transaction ID 6985
2023-07-25 12:44:36,609 INFO [pool-7-thread-1] o.a.n.c.r.WriteAheadFlowFileRepository Successfully checkpointed FlowFile Repository with 5772 records in 83 milliseconds
2023-07-25 12:44:56,610 INFO [pool-7-thread-1] o.a.n.c.r.WriteAheadFlowFileRepository Initiating checkpoint of FlowFile Repository
2023-07-25 12:44:56,610 INFO [pool-7-thread-1] o.a.n.c.r.WriteAheadFlowFileRepository Successfully checkpointed FlowFile Repository with 5772 records in 0 milliseconds
2023-07-25 12:44:57,290 INFO [Cleanup Archive for default] o.a.n.c.repository.FileSystemRepository Successfully deleted 0 files (0 bytes) from archive
2023-07-25 12:44:57,291 INFO [Cleanup Archive for default] o.a.n.c.repository.FileSystemRepository Archive cleanup completed for container default; will now allow writing to this container. Bytes used = 207.37 GB, bytes free = 268.85 GB, capacity = 476.21 GB
2023-07-25 12:45:16,611 INFO [pool-7-thread-1] o.a.n.c.r.WriteAheadFlowFileRepository Initiating checkpoint of FlowFile Repository
2023-07-25 12:45:16,697 INFO [pool-7-thread-1] o.a.n.wali.SequentialAccessWriteAheadLog Checkpointed Write-Ahead Log with 5773 Records and 0 Swap Files in 84 milliseconds (Stop-the-world time = 23 milliseconds), max Transaction ID 6986
2023-07-25 12:45:16,697 INFO [pool-7-thread-1] o.a.n.c.r.WriteAheadFlowFileRepository Successfully checkpointed FlowFile Repository with 5773 records in 85 milliseconds
2023-07-25 12:45:36,698 INFO [pool-7-thread-1] o.a.n.c.r.WriteAheadFlowFileRepository Initiating checkpoint of FlowFile Repository
2023-07-25 12:45:36,785 INFO [pool-7-thread-1] o.a.n.wali.SequentialAccessWriteAheadLog Checkpointed Write-Ahead Log with 5774 Records and 0 Swap Files in 85 milliseconds (Stop-the-world time = 21 milliseconds), max Transaction ID 6987
2023-07-25 12:45:36,785 INFO [pool-7-thread-1] o.a.n.c.r.WriteAheadFlowFileRepository Successfully checkpointed FlowFile Repository with 5774 records in 85 milliseconds
2023-07-25 12:45:56,786 INFO [pool-7-thread-1] o.a.n.c.r.WriteAheadFlowFileRepository Initiating checkpoint of FlowFile Repository
2023-07-25 12:45:56,786 INFO [pool-7-thread-1] o.a.n.c.r.WriteAheadFlowFileRepository Successfully checkpointed FlowFile Repository with 5774 records in 0 milliseconds
2023-07-25 12:45:58,191 INFO [Cleanup Archive for default] o.a.n.c.repository.FileSystemRepository Successfully deleted 0 files (0 bytes) from archive
2023-07-25 12:45:58,191 INFO [Cleanup Archive for default] o.a.n.c.repository.FileSystemRepository Archive cleanup completed for container default; will now allow writing to this container. Bytes used = 207.37 GB, bytes free = 268.85 GB, capacity = 476.21 GB
2023-07-25 12:46:16,788 INFO [pool-7-thread-1] o.a.n.c.r.WriteAheadFlowFileRepository Initiating checkpoint of FlowFile Repository
2023-07-25 12:46:16,875 INFO [pool-7-thread-1] o.a.n.wali.SequentialAccessWriteAheadLog Checkpointed Write-Ahead Log with 5775 Records and 0 Swap Files in 85 milliseconds (Stop-the-world time = 23 milliseconds), max Transaction ID 6988
2023-07-25 12:46:16,875 INFO [pool-7-thread-1] o.a.n.c.r.WriteAheadFlowFileRepository Successfully checkpointed FlowFile Repository with 5775 records in 85 milliseconds
2023-07-25 12:46:32,713 INFO [Write-Ahead Local State Provider Maintenance] org.wali.MinimalLockingWriteAheadLog org.wali.MinimalLockingWriteAheadLog@7c4dd006 checkpointed with 5 Records and 0 Swap Files in 272 milliseconds (Stop-the-world time = 104 milliseconds, Clear Edit Logs time = 142 millis), max Transaction ID 3139
2023-07-25 12:46:36,876 INFO [pool-7-thread-1] o.a.n.c.r.WriteAheadFlowFileRepository Initiating checkpoint of FlowFile Repository
2023-07-25 12:46:36,965 INFO [pool-7-thread-1] o.a.n.wali.SequentialAccessWriteAheadLog Checkpointed Write-Ahead Log with 5776 Records and 0 Swap Files in 88 milliseconds (Stop-the-world time = 22 milliseconds), max Transaction ID 6989
2023-07-25 12:46:36,966 INFO [pool-7-thread-1] o.a.n.c.r.WriteAheadFlowFileRepository Successfully checkpointed FlowFile Repository with 5776 records in 89 milliseconds
2023-07-25 12:46:56,966 INFO [pool-7-thread-1] o.a.n.c.r.WriteAheadFlowFileRepository Initiating checkpoint of FlowFile Repository
2023-07-25 12:46:56,968 INFO [pool-7-thread-1] o.a.n.c.r.WriteAheadFlowFileRepository Successfully checkpointed FlowFile Repository with 5776 records in 0 milliseconds
2023-07-25 12:46:59,113 INFO [Cleanup Archive for default] o.a.n.c.repository.FileSystemRepository Successfully deleted 0 files (0 bytes) from archive
2023-07-25 12:46:59,114 INFO [Cleanup Archive for default] o.a.n.c.repository.FileSystemRepository Archive cleanup completed for container default; will now allow writing to this container. Bytes used = 207.37 GB, bytes free = 268.84 GB, capacity = 476.21 GB
2023-07-25 12:47:16,969 INFO [pool-7-thread-1] o.a.n.c.r.WriteAheadFlowFileRepository Initiating checkpoint of FlowFile Repository
2023-07-25 12:47:17,055 INFO [pool-7-thread-1] o.a.n.wali.SequentialAccessWriteAheadLog Checkpointed Write-Ahead Log with 5777 Records and 0 Swap Files in 84 milliseconds (Stop-the-world time = 19 milliseconds), max Transaction ID 6990
2023-07-25 12:47:17,056 INFO [pool-7-thread-1] o.a.n.c.r.WriteAheadFlowFileRepository Successfully checkpointed FlowFile Repository with 5777 records in 85 milliseconds
2023-07-25 12:47:37,056 INFO [pool-7-thread-1] o.a.n.c.r.WriteAheadFlowFileRepository Initiating checkpoint of FlowFile Repository
2023-07-25 12:47:37,134 INFO [pool-7-thread-1] o.a.n.wali.SequentialAccessWriteAheadLog Checkpointed Write-Ahead Log with 5778 Records and 0 Swap Files in 77 milliseconds (Stop-the-world time = 13 milliseconds), max Transaction ID 6991
2023-07-25 12:47:37,135 INFO [pool-7-thread-1] o.a.n.c.r.WriteAheadFlowFileRepository Successfully checkpointed FlowFile Repository with 5778 records in 77 milliseconds
2023-07-25 12:47:57,135 INFO [pool-7-thread-1] o.a.n.c.r.WriteAheadFlowFileRepository Initiating checkpoint of FlowFile Repository
2023-07-25 12:47:57,223 INFO [pool-7-thread-1] o.a.n.wali.SequentialAccessWriteAheadLog Checkpointed Write-Ahead Log with 5779 Records and 0 Swap Files in 86 milliseconds (Stop-the-world time = 22 milliseconds), max Transaction ID 6992
2023-07-25 12:47:57,223 INFO [pool-7-thread-1] o.a.n.c.r.WriteAheadFlowFileRepository Successfully checkpointed FlowFile Repository with 5779 records in 86 milliseconds
2023-07-25 12:48:00,023 INFO [Cleanup Archive for default] o.a.n.c.repository.FileSystemRepository Successfully deleted 0 files (0 bytes) from archive
2023-07-25 12:48:00,024 INFO [Cleanup Archive for default] o.a.n.c.repository.FileSystemRepository Archive cleanup completed for container default; will now allow writing to this container. Bytes used = 207.37 GB, bytes free = 268.84 GB, capacity = 476.21 GB
2023-07-25 12:48:17,224 INFO [pool-7-thread-1] o.a.n.c.r.WriteAheadFlowFileRepository Initiating checkpoint of FlowFile Repository
2023-07-25 12:48:17,225 INFO [pool-7-thread-1] o.a.n.c.r.WriteAheadFlowFileRepository Successfully checkpointed FlowFile Repository with 5779 records in 0 milliseconds
2023-07-25 12:48:32,990 INFO [Write-Ahead Local State Provider Maintenance] org.wali.MinimalLockingWriteAheadLog org.wali.MinimalLockingWriteAheadLog@7c4dd006 checkpointed with 5 Records and 0 Swap Files in 277 milliseconds (Stop-the-world time = 100 milliseconds, Clear Edit Logs time = 150 millis), max Transaction ID 3143
2023-07-25 12:48:37,226 INFO [pool-7-thread-1] o.a.n.c.r.WriteAheadFlowFileRepository Initiating checkpoint of FlowFile Repository
2023-07-25 12:48:37,315 INFO [pool-7-thread-1] o.a.n.wali.SequentialAccessWriteAheadLog Checkpointed Write-Ahead Log with 5780 Records and 0 Swap Files in 88 milliseconds (Stop-the-world time = 17 milliseconds), max Transaction ID 6993
2023-07-25 12:48:37,316 INFO [pool-7-thread-1] o.a.n.c.r.WriteAheadFlowFileRepository Successfully checkpointed FlowFile Repository with 5780 records in 88 milliseconds
2023-07-25 12:48:57,316 INFO [pool-7-thread-1] o.a.n.c.r.WriteAheadFlowFileRepository Initiating checkpoint of FlowFile Repository
2023-07-25 12:48:57,400 INFO [pool-7-thread-1] o.a.n.wali.SequentialAccessWriteAheadLog Checkpointed Write-Ahead Log with 5781 Records and 0 Swap Files in 82 milliseconds (Stop-the-world time = 15 milliseconds), max Transaction ID 6994
2023-07-25 12:48:57,400 INFO [pool-7-thread-1] o.a.n.c.r.WriteAheadFlowFileRepository Successfully checkpointed FlowFile Repository with 5781 records in 83 milliseconds
2023-07-25 12:49:00,979 INFO [Cleanup Archive for default] o.a.n.c.repository.FileSystemRepository Successfully deleted 0 files (0 bytes) from archive
2023-07-25 12:49:00,980 INFO [Cleanup Archive for default] o.a.n.c.repository.FileSystemRepository Archive cleanup completed for container default; will now allow writing to this container. Bytes used = 207.37 GB, bytes free = 268.84 GB, capacity = 476.21 GB
2023-07-25 12:49:17,401 INFO [pool-7-thread-1] o.a.n.c.r.WriteAheadFlowFileRepository Initiating checkpoint of FlowFile Repository
2023-07-25 12:49:17,402 INFO [pool-7-thread-1] o.a.n.c.r.WriteAheadFlowFileRepository Successfully checkpointed FlowFile Repository with 5781 records in 0 milliseconds
2023-07-25 12:49:37,402 INFO [pool-7-thread-1] o.a.n.c.r.WriteAheadFlowFileRepository Initiating checkpoint of FlowFile Repository
2023-07-25 12:49:37,487 INFO [pool-7-thread-1] o.a.n.wali.SequentialAccessWriteAheadLog Checkpointed Write-Ahead Log with 5782 Records and 0 Swap Files in 83 milliseconds (Stop-the-world time = 19 milliseconds), max Transaction ID 6995
2023-07-25 12:49:37,487 INFO [pool-7-thread-1] o.a.n.c.r.WriteAheadFlowFileRepository Successfully checkpointed FlowFile Repository with 5782 records in 83 milliseconds
2023-07-25 12:49:57,488 INFO [pool-7-thread-1] o.a.n.c.r.WriteAheadFlowFileRepository Initiating checkpoint of FlowFile Repository
2023-07-25 12:49:57,581 INFO [pool-7-thread-1] o.a.n.wali.SequentialAccessWriteAheadLog Checkpointed Write-Ahead Log with 5783 Records and 0 Swap Files in 91 milliseconds (Stop-the-world time = 30 milliseconds), max Transaction ID 6996
2023-07-25 12:49:57,581 INFO [pool-7-thread-1] o.a.n.c.r.WriteAheadFlowFileRepository Successfully checkpointed FlowFile Repository with 5783 records in 92 milliseconds
2023-07-25 12:49:59,583 INFO [pool-2-thread-2] org.apache.nifi.BootstrapListener Received SHUTDOWN request from Bootstrap
2023-07-25 12:49:59,584 INFO [pool-2-thread-2] org.apache.nifi.NiFi Application Server shutdown started
2023-07-25 12:49:59,594 INFO [pool-2-thread-2] o.eclipse.jetty.server.AbstractConnector Stopped ServerConnector@6be2b567{SSL, (ssl, http/1.1)}{4b7250ba7585:8443}
2023-07-25 12:49:59,594 INFO [pool-2-thread-2] org.eclipse.jetty.server.session node0 Stopped scavenging
